::1 - - [19/Jun/2024:09:22:20 +0000] "GET /melchor-gateway HTTP/1.1" 200 - "-" "-"
::1 - - [19/Jun/2024:09:22:20 +0000] "GET /melchor-gateway HTTP/1.1" 200 - "-" "-"
::1 - - [19/Jun/2024:09:22:22 +0000] "POST /melchor-gateway HTTP/1.1" 409 - "-" "-"
::1 - - [19/Jun/2024:11:12:11 +0000] "GET /melchor-gateway HTTP/1.1" 200 - "-" "-"
::1 - - [19/Jun/2024:11:12:11 +0000] "GET /melchor-gateway HTTP/1.1" 200 - "-" "-"
::1 - - [19/Jun/2024:11:12:13 +0000] "POST /melchor-gateway HTTP/1.1" 409 - "-" "-"
::1 - - [19/Jun/2024:11:12:59 +0000] "POST /melchor-gateway HTTP/1.1" 409 - "-" "-"
::1 - - [19/Jun/2024:11:13:00 +0000] "POST /melchor-gateway HTTP/1.1" 409 - "-" "-"
::1 - - [19/Jun/2024:11:13:00 +0000] "POST /melchor-gateway HTTP/1.1" 409 - "-" "-"
::1 - - [19/Jun/2024:11:15:05 +0000] "POST /melchor-gateway/humidity-1 HTTP/1.1" 409 - "-" "-"
::1 - - [19/Jun/2024:11:15:05 +0000] "POST /melchor-gateway/humidity-1 HTTP/1.1" 409 - "-" "-"
::1 - - [19/Jun/2024:11:15:05 +0000] "POST /melchor-gateway/humidity-1 HTTP/1.1" 409 - "-" "-"
::1 - - [19/Jun/2024:11:15:05 +0000] "POST /melchor-gateway/humidity-1 HTTP/1.1" 409 - "-" "-"
::1 - - [19/Jun/2024:11:15:05 +0000] "POST /melchor-gateway/humidity-1 HTTP/1.1" 409 - "-" "-"
::1 - - [19/Jun/2024:11:15:05 +0000] "POST /melchor-gateway/humidity-1/humidity HTTP/1.1" 201 - "-" "-"
::1 - - [19/Jun/2024:11:15:05 +0000] "POST /melchor-gateway/humidity-1/linkquality HTTP/1.1" 201 - "-" "-"
::1 - - [19/Jun/2024:11:15:05 +0000] "POST /melchor-gateway/humidity-1/temperature HTTP/1.1" 201 - "-" "-"
::1 - - [19/Jun/2024:11:15:05 +0000] "POST /melchor-gateway/humidity-1/voltage HTTP/1.1" 201 - "-" "-"
::1 - - [19/Jun/2024:11:15:05 +0000] "POST /melchor-gateway/humidity-1/battery HTTP/1.1" 201 - "-" "-"
::1 - - [19/Jun/2024:11:15:10 +0000] "POST /melchor-gateway/humidity-1/temperature HTTP/1.1" 201 - "-" "-"
::1 - - [19/Jun/2024:11:15:10 +0000] "POST /melchor-gateway/humidity-1/voltage HTTP/1.1" 201 - "-" "-"
::1 - - [19/Jun/2024:11:15:10 +0000] "POST /melchor-gateway/humidity-1/linkquality HTTP/1.1" 201 - "-" "-"
::1 - - [19/Jun/2024:11:15:10 +0000] "POST /melchor-gateway/humidity-1/humidity HTTP/1.1" 201 - "-" "-"
::1 - - [19/Jun/2024:11:15:45 +0000] "POST /melchor-gateway/humidity-1/temperature HTTP/1.1" 201 - "-" "-"
::1 - - [19/Jun/2024:11:15:45 +0000] "POST /melchor-gateway/humidity-1/linkquality HTTP/1.1" 201 - "-" "-"
::1 - - [19/Jun/2024:11:15:45 +0000] "POST /melchor-gateway/humidity-1/humidity HTTP/1.1" 201 - "-" "-"
::1 - - [19/Jun/2024:11:15:45 +0000] "POST /melchor-gateway/humidity-1/humidity HTTP/1.1" 201 - "-" "-"
::1 - - [19/Jun/2024:11:15:45 +0000] "POST /melchor-gateway/humidity-1/linkquality HTTP/1.1" 201 - "-" "-"
::1 - - [19/Jun/2024:11:15:45 +0000] "POST /melchor-gateway/humidity-1/battery HTTP/1.1" 201 - "-" "-"
::1 - - [19/Jun/2024:11:15:45 +0000] "POST /melchor-gateway/humidity-1/voltage HTTP/1.1" 201 - "-" "-"
::1 - - [19/Jun/2024:11:15:45 +0000] "POST /melchor-gateway/humidity-1/voltage HTTP/1.1" 201 - "-" "-"
::1 - - [19/Jun/2024:11:15:45 +0000] "POST /melchor-gateway/humidity-1/battery HTTP/1.1" 201 - "-" "-"
::1 - - [19/Jun/2024:11:15:45 +0000] "POST /melchor-gateway/humidity-1/temperature HTTP/1.1" 201 - "-" "-"
::1 - - [19/Jun/2024:11:17:05 +0000] "POST /melchor-gateway/humidity-1/linkquality HTTP/1.1" 201 - "-" "-"
::1 - - [19/Jun/2024:11:17:05 +0000] "POST /melchor-gateway/humidity-1/humidity HTTP/1.1" 201 - "-" "-"
::1 - - [19/Jun/2024:11:17:05 +0000] "POST /melchor-gateway/humidity-1/temperature HTTP/1.1" 201 - "-" "-"
::1 - - [19/Jun/2024:11:17:05 +0000] "POST /melchor-gateway/humidity-1/battery HTTP/1.1" 201 - "-" "-"
::1 - - [19/Jun/2024:11:17:05 +0000] "POST /melchor-gateway/humidity-1/voltage HTTP/1.1" 201 - "-" "-"
::1 - - [19/Jun/2024:11:18:15 +0000] "POST /melchor-gateway/humidity-1/linkquality HTTP/1.1" 201 - "-" "-"
::1 - - [19/Jun/2024:11:18:15 +0000] "POST /melchor-gateway/humidity-1/temperature HTTP/1.1" 201 - "-" "-"
::1 - - [19/Jun/2024:11:18:15 +0000] "POST /melchor-gateway/humidity-1/humidity HTTP/1.1" 201 - "-" "-"
::1 - - [19/Jun/2024:11:18:15 +0000] "POST /melchor-gateway/humidity-1/battery HTTP/1.1" 201 - "-" "-"
::1 - - [19/Jun/2024:11:18:15 +0000] "POST /melchor-gateway/humidity-1/voltage HTTP/1.1" 201 - "-" "-"
::1 - - [19/Jun/2024:11:19:35 +0000] "POST /melchor-gateway/humidity-1/humidity HTTP/1.1" 201 - "-" "-"
::1 - - [19/Jun/2024:11:19:35 +0000] "POST /melchor-gateway/humidity-1/linkquality HTTP/1.1" 201 - "-" "-"
::1 - - [19/Jun/2024:11:19:36 +0000] "POST /melchor-gateway/humidity-1/temperature HTTP/1.1" 201 - "-" "-"
::1 - - [19/Jun/2024:11:19:36 +0000] "POST /melchor-gateway/humidity-1/battery HTTP/1.1" 201 - "-" "-"
::1 - - [19/Jun/2024:11:19:36 +0000] "POST /melchor-gateway/humidity-1/voltage HTTP/1.1" 201 - "-" "-"
::1 - - [19/Jun/2024:11:20:16 +0000] "POST /melchor-gateway/humidity-1/humidity HTTP/1.1" 201 - "-" "-"
::1 - - [19/Jun/2024:11:20:16 +0000] "POST /melchor-gateway/humidity-1/temperature HTTP/1.1" 201 - "-" "-"
::1 - - [19/Jun/2024:11:20:16 +0000] "POST /melchor-gateway/humidity-1/linkquality HTTP/1.1" 201 - "-" "-"
::1 - - [19/Jun/2024:11:20:16 +0000] "POST /melchor-gateway/humidity-1/battery HTTP/1.1" 201 - "-" "-"
::1 - - [19/Jun/2024:11:20:16 +0000] "POST /melchor-gateway/humidity-1/voltage HTTP/1.1" 201 - "-" "-"
::1 - - [19/Jun/2024:11:20:46 +0000] "POST /melchor-gateway/humidity-1/linkquality HTTP/1.1" 201 - "-" "-"
::1 - - [19/Jun/2024:11:20:46 +0000] "POST /melchor-gateway/humidity-1/humidity HTTP/1.1" 201 - "-" "-"
::1 - - [19/Jun/2024:11:20:46 +0000] "POST /melchor-gateway/humidity-1/temperature HTTP/1.1" 201 - "-" "-"
::1 - - [19/Jun/2024:11:20:46 +0000] "POST /melchor-gateway/humidity-1/battery HTTP/1.1" 201 - "-" "-"
::1 - - [19/Jun/2024:11:20:46 +0000] "POST /melchor-gateway/humidity-1/voltage HTTP/1.1" 201 - "-" "-"
::1 - - [19/Jun/2024:11:21:26 +0000] "POST /melchor-gateway/humidity-1/linkquality HTTP/1.1" 201 - "-" "-"
::1 - - [19/Jun/2024:11:21:26 +0000] "POST /melchor-gateway/humidity-1/humidity HTTP/1.1" 201 - "-" "-"
::1 - - [19/Jun/2024:11:21:26 +0000] "POST /melchor-gateway/humidity-1/temperature HTTP/1.1" 201 - "-" "-"
::1 - - [19/Jun/2024:11:21:26 +0000] "POST /melchor-gateway/humidity-1/voltage HTTP/1.1" 201 - "-" "-"
::1 - - [19/Jun/2024:11:21:26 +0000] "POST /melchor-gateway/humidity-1/battery HTTP/1.1" 201 - "-" "-"
::1 - - [19/Jun/2024:11:22:26 +0000] "POST /melchor-gateway/humidity-1/humidity HTTP/1.1" 201 - "-" "-"
::1 - - [19/Jun/2024:11:22:26 +0000] "POST /melchor-gateway/humidity-1/temperature HTTP/1.1" 201 - "-" "-"
::1 - - [19/Jun/2024:11:22:26 +0000] "POST /melchor-gateway/humidity-1/linkquality HTTP/1.1" 201 - "-" "-"
::1 - - [19/Jun/2024:11:22:26 +0000] "POST /melchor-gateway/humidity-1/voltage HTTP/1.1" 201 - "-" "-"
::1 - - [19/Jun/2024:11:22:26 +0000] "POST /melchor-gateway/humidity-1/battery HTTP/1.1" 201 - "-" "-"
::1 - - [19/Jun/2024:11:23:47 +0000] "POST /melchor-gateway/humidity-1/linkquality HTTP/1.1" 201 - "-" "-"
::1 - - [19/Jun/2024:11:23:47 +0000] "POST /melchor-gateway/humidity-1/humidity HTTP/1.1" 201 - "-" "-"
::1 - - [19/Jun/2024:11:23:47 +0000] "POST /melchor-gateway/humidity-1/voltage HTTP/1.1" 201 - "-" "-"
::1 - - [19/Jun/2024:11:23:47 +0000] "POST /melchor-gateway/humidity-1/temperature HTTP/1.1" 201 - "-" "-"
::1 - - [19/Jun/2024:11:23:47 +0000] "POST /melchor-gateway/humidity-1/battery HTTP/1.1" 201 - "-" "-"
::1 - - [19/Jun/2024:11:24:47 +0000] "POST /melchor-gateway/humidity-1/linkquality HTTP/1.1" 201 - "-" "-"
::1 - - [19/Jun/2024:11:24:47 +0000] "POST /melchor-gateway/humidity-1/voltage HTTP/1.1" 201 - "-" "-"
::1 - - [19/Jun/2024:11:24:47 +0000] "POST /melchor-gateway/humidity-1/temperature HTTP/1.1" 201 - "-" "-"
::1 - - [19/Jun/2024:11:24:47 +0000] "POST /melchor-gateway/humidity-1/battery HTTP/1.1" 201 - "-" "-"
::1 - - [19/Jun/2024:11:24:47 +0000] "POST /melchor-gateway/humidity-1/humidity HTTP/1.1" 201 - "-" "-"
::1 - - [19/Jun/2024:11:25:47 +0000] "POST /melchor-gateway/humidity-1/humidity HTTP/1.1" 201 - "-" "-"
::1 - - [19/Jun/2024:11:25:47 +0000] "POST /melchor-gateway/humidity-1/temperature HTTP/1.1" 201 - "-" "-"
::1 - - [19/Jun/2024:11:25:47 +0000] "POST /melchor-gateway/humidity-1/linkquality HTTP/1.1" 201 - "-" "-"
::1 - - [19/Jun/2024:11:25:47 +0000] "POST /melchor-gateway/humidity-1/battery HTTP/1.1" 201 - "-" "-"
::1 - - [19/Jun/2024:11:25:47 +0000] "POST /melchor-gateway/humidity-1/voltage HTTP/1.1" 201 - "-" "-"
::1 - - [19/Jun/2024:11:26:47 +0000] "POST /melchor-gateway/humidity-1/temperature HTTP/1.1" 201 - "-" "-"
::1 - - [19/Jun/2024:11:26:47 +0000] "POST /melchor-gateway/humidity-1/humidity HTTP/1.1" 201 - "-" "-"
::1 - - [19/Jun/2024:11:26:47 +0000] "POST /melchor-gateway/humidity-1/linkquality HTTP/1.1" 201 - "-" "-"
::1 - - [19/Jun/2024:11:26:47 +0000] "POST /melchor-gateway/humidity-1/battery HTTP/1.1" 201 - "-" "-"
::1 - - [19/Jun/2024:11:26:47 +0000] "POST /melchor-gateway/humidity-1/voltage HTTP/1.1" 201 - "-" "-"
::1 - - [19/Jun/2024:11:27:26 +0000] "POST /melchor-gateway/humidity-1/temperature HTTP/1.1" 201 - "-" "-"
::1 - - [19/Jun/2024:11:27:26 +0000] "POST /melchor-gateway/humidity-1/linkquality HTTP/1.1" 201 - "-" "-"
::1 - - [19/Jun/2024:11:27:26 +0000] "POST /melchor-gateway/humidity-1/humidity HTTP/1.1" 201 - "-" "-"
::1 - - [19/Jun/2024:11:27:26 +0000] "POST /melchor-gateway/humidity-1/voltage HTTP/1.1" 201 - "-" "-"
::1 - - [19/Jun/2024:11:27:26 +0000] "POST /melchor-gateway/humidity-1/battery HTTP/1.1" 201 - "-" "-"
::1 - - [19/Jun/2024:11:27:57 +0000] "POST /melchor-gateway/humidity-1/battery HTTP/1.1" 201 - "-" "-"
::1 - - [19/Jun/2024:11:27:58 +0000] "POST /melchor-gateway/humidity-1/linkquality HTTP/1.1" 201 - "-" "-"
::1 - - [19/Jun/2024:11:27:58 +0000] "POST /melchor-gateway/humidity-1/temperature HTTP/1.1" 201 - "-" "-"
::1 - - [19/Jun/2024:11:27:58 +0000] "POST /melchor-gateway/humidity-1/voltage HTTP/1.1" 201 - "-" "-"
::1 - - [19/Jun/2024:11:27:58 +0000] "POST /melchor-gateway/humidity-1/humidity HTTP/1.1" 201 - "-" "-"
::1 - - [19/Jun/2024:11:28:58 +0000] "POST /melchor-gateway/humidity-1/linkquality HTTP/1.1" 201 - "-" "-"
::1 - - [19/Jun/2024:11:28:58 +0000] "POST /melchor-gateway/humidity-1/battery HTTP/1.1" 201 - "-" "-"
::1 - - [19/Jun/2024:11:28:58 +0000] "POST /melchor-gateway/humidity-1/temperature HTTP/1.1" 201 - "-" "-"
::1 - - [19/Jun/2024:11:28:58 +0000] "POST /melchor-gateway/humidity-1/humidity HTTP/1.1" 201 - "-" "-"
::1 - - [19/Jun/2024:11:28:58 +0000] "POST /melchor-gateway/humidity-1/voltage HTTP/1.1" 201 - "-" "-"
::1 - - [19/Jun/2024:11:30:08 +0000] "POST /melchor-gateway/humidity-1/linkquality HTTP/1.1" 201 - "-" "-"
::1 - - [19/Jun/2024:11:30:08 +0000] "POST /melchor-gateway/humidity-1/temperature HTTP/1.1" 201 - "-" "-"
::1 - - [19/Jun/2024:11:30:08 +0000] "POST /melchor-gateway/humidity-1/humidity HTTP/1.1" 201 - "-" "-"
::1 - - [19/Jun/2024:11:30:08 +0000] "POST /melchor-gateway/humidity-1/battery HTTP/1.1" 201 - "-" "-"
::1 - - [19/Jun/2024:11:30:08 +0000] "POST /melchor-gateway/humidity-1/voltage HTTP/1.1" 201 - "-" "-"
::1 - - [19/Jun/2024:11:31:08 +0000] "POST /melchor-gateway/humidity-1/linkquality HTTP/1.1" 201 - "-" "-"
::1 - - [19/Jun/2024:11:31:08 +0000] "POST /melchor-gateway/humidity-1/temperature HTTP/1.1" 201 - "-" "-"
::1 - - [19/Jun/2024:11:31:08 +0000] "POST /melchor-gateway/humidity-1/humidity HTTP/1.1" 201 - "-" "-"
::1 - - [19/Jun/2024:11:31:08 +0000] "POST /melchor-gateway/humidity-1/voltage HTTP/1.1" 201 - "-" "-"
::1 - - [19/Jun/2024:11:31:08 +0000] "POST /melchor-gateway/humidity-1/battery HTTP/1.1" 201 - "-" "-"
::1 - - [19/Jun/2024:11:31:18 +0000] "POST /melchor-gateway/humidity-1/linkquality HTTP/1.1" 201 - "-" "-"
::1 - - [19/Jun/2024:11:31:18 +0000] "POST /melchor-gateway/humidity-1/humidity HTTP/1.1" 201 - "-" "-"
::1 - - [19/Jun/2024:11:31:18 +0000] "POST /melchor-gateway/humidity-1/temperature HTTP/1.1" 201 - "-" "-"
::1 - - [19/Jun/2024:11:31:18 +0000] "POST /melchor-gateway/humidity-1/battery HTTP/1.1" 201 - "-" "-"
::1 - - [19/Jun/2024:11:31:18 +0000] "POST /melchor-gateway/humidity-1/voltage HTTP/1.1" 201 - "-" "-"
::1 - - [19/Jun/2024:11:32:39 +0000] "POST /melchor-gateway/humidity-1/temperature HTTP/1.1" 201 - "-" "-"
::1 - - [19/Jun/2024:11:32:39 +0000] "POST /melchor-gateway/humidity-1/linkquality HTTP/1.1" 201 - "-" "-"
::1 - - [19/Jun/2024:11:32:39 +0000] "POST /melchor-gateway/humidity-1/humidity HTTP/1.1" 201 - "-" "-"
::1 - - [19/Jun/2024:11:32:39 +0000] "POST /melchor-gateway/humidity-1/battery HTTP/1.1" 201 - "-" "-"
::1 - - [19/Jun/2024:11:32:39 +0000] "POST /melchor-gateway/humidity-1/voltage HTTP/1.1" 201 - "-" "-"
::1 - - [19/Jun/2024:11:32:49 +0000] "POST /melchor-gateway/humidity-1/linkquality HTTP/1.1" 201 - "-" "-"
::1 - - [19/Jun/2024:11:32:49 +0000] "POST /melchor-gateway/humidity-1/temperature HTTP/1.1" 201 - "-" "-"
::1 - - [19/Jun/2024:11:32:49 +0000] "POST /melchor-gateway/humidity-1/humidity HTTP/1.1" 201 - "-" "-"
::1 - - [19/Jun/2024:11:32:49 +0000] "POST /melchor-gateway/humidity-1/voltage HTTP/1.1" 201 - "-" "-"
::1 - - [19/Jun/2024:11:32:49 +0000] "POST /melchor-gateway/humidity-1/battery HTTP/1.1" 201 - "-" "-"
::1 - - [19/Jun/2024:11:34:19 +0000] "POST /melchor-gateway/humidity-1/linkquality HTTP/1.1" 201 - "-" "-"
::1 - - [19/Jun/2024:11:34:19 +0000] "POST /melchor-gateway/humidity-1/temperature HTTP/1.1" 201 - "-" "-"
::1 - - [19/Jun/2024:11:34:19 +0000] "POST /melchor-gateway/humidity-1/humidity HTTP/1.1" 201 - "-" "-"
::1 - - [19/Jun/2024:11:34:19 +0000] "POST /melchor-gateway/humidity-1/battery HTTP/1.1" 201 - "-" "-"
::1 - - [19/Jun/2024:11:34:19 +0000] "POST /melchor-gateway/humidity-1/voltage HTTP/1.1" 201 - "-" "-"
::1 - - [19/Jun/2024:11:35:59 +0000] "POST /melchor-gateway/humidity-1/voltage HTTP/1.1" 201 - "-" "-"
::1 - - [19/Jun/2024:11:35:59 +0000] "POST /melchor-gateway/humidity-1/linkquality HTTP/1.1" 201 - "-" "-"
::1 - - [19/Jun/2024:11:35:59 +0000] "POST /melchor-gateway/humidity-1/humidity HTTP/1.1" 201 - "-" "-"
::1 - - [19/Jun/2024:11:35:59 +0000] "POST /melchor-gateway/humidity-1/battery HTTP/1.1" 201 - "-" "-"
::1 - - [19/Jun/2024:11:35:59 +0000] "POST /melchor-gateway/humidity-1/temperature HTTP/1.1" 201 - "-" "-"
::1 - - [19/Jun/2024:11:37:39 +0000] "POST /melchor-gateway/humidity-1/linkquality HTTP/1.1" 201 - "-" "-"
::1 - - [19/Jun/2024:11:37:39 +0000] "POST /melchor-gateway/humidity-1/humidity HTTP/1.1" 201 - "-" "-"
::1 - - [19/Jun/2024:11:37:39 +0000] "POST /melchor-gateway/humidity-1/temperature HTTP/1.1" 201 - "-" "-"
::1 - - [19/Jun/2024:11:37:39 +0000] "POST /melchor-gateway/humidity-1/battery HTTP/1.1" 201 - "-" "-"
::1 - - [19/Jun/2024:11:37:39 +0000] "POST /melchor-gateway/humidity-1/voltage HTTP/1.1" 201 - "-" "-"
::1 - - [19/Jun/2024:11:38:00 +0000] "POST /melchor-gateway/humidity-1/linkquality HTTP/1.1" 201 - "-" "-"
::1 - - [19/Jun/2024:11:38:00 +0000] "POST /melchor-gateway/humidity-1/humidity HTTP/1.1" 201 - "-" "-"
::1 - - [19/Jun/2024:11:38:00 +0000] "POST /melchor-gateway/humidity-1/temperature HTTP/1.1" 201 - "-" "-"
::1 - - [19/Jun/2024:11:38:00 +0000] "POST /melchor-gateway/humidity-1/voltage HTTP/1.1" 201 - "-" "-"
::1 - - [19/Jun/2024:11:38:00 +0000] "POST /melchor-gateway/humidity-1/battery HTTP/1.1" 201 - "-" "-"
::1 - - [19/Jun/2024:11:40:41 +0000] "POST /melchor-gateway/humidity-1/linkquality HTTP/1.1" 201 - "-" "-"
::1 - - [19/Jun/2024:11:40:41 +0000] "POST /melchor-gateway/humidity-1/temperature HTTP/1.1" 201 - "-" "-"
::1 - - [19/Jun/2024:11:40:41 +0000] "POST /melchor-gateway/humidity-1/battery HTTP/1.1" 201 - "-" "-"
::1 - - [19/Jun/2024:11:40:41 +0000] "POST /melchor-gateway/humidity-1/humidity HTTP/1.1" 201 - "-" "-"
::1 - - [19/Jun/2024:11:40:41 +0000] "POST /melchor-gateway/humidity-1/voltage HTTP/1.1" 201 - "-" "-"
::1 - - [19/Jun/2024:11:42:39 +0000] "POST /melchor-gateway/humidity-1/humidity HTTP/1.1" 201 - "-" "-"
::1 - - [19/Jun/2024:11:42:39 +0000] "POST /melchor-gateway/humidity-1/linkquality HTTP/1.1" 201 - "-" "-"
::1 - - [19/Jun/2024:11:42:39 +0000] "POST /melchor-gateway/humidity-1/temperature HTTP/1.1" 201 - "-" "-"
::1 - - [19/Jun/2024:11:42:39 +0000] "POST /melchor-gateway/humidity-1/battery HTTP/1.1" 201 - "-" "-"
::1 - - [19/Jun/2024:11:42:39 +0000] "POST /melchor-gateway/humidity-1/voltage HTTP/1.1" 201 - "-" "-"
::1 - - [19/Jun/2024:11:44:31 +0000] "POST /melchor-gateway/humidity-1/temperature HTTP/1.1" 201 - "-" "-"
::1 - - [19/Jun/2024:11:44:31 +0000] "POST /melchor-gateway/humidity-1/linkquality HTTP/1.1" 201 - "-" "-"
::1 - - [19/Jun/2024:11:44:31 +0000] "POST /melchor-gateway/humidity-1/humidity HTTP/1.1" 201 - "-" "-"
::1 - - [19/Jun/2024:11:44:31 +0000] "POST /melchor-gateway/humidity-1/battery HTTP/1.1" 201 - "-" "-"
::1 - - [19/Jun/2024:11:44:31 +0000] "POST /melchor-gateway/humidity-1/voltage HTTP/1.1" 201 - "-" "-"
::1 - - [19/Jun/2024:11:46:49 +0000] "POST /melchor-gateway/humidity-1/humidity HTTP/1.1" 201 - "-" "-"
::1 - - [19/Jun/2024:11:46:49 +0000] "POST /melchor-gateway/humidity-1/linkquality HTTP/1.1" 201 - "-" "-"
::1 - - [19/Jun/2024:11:46:49 +0000] "POST /melchor-gateway/humidity-1/battery HTTP/1.1" 201 - "-" "-"
::1 - - [19/Jun/2024:11:46:49 +0000] "POST /melchor-gateway/humidity-1/humidity HTTP/1.1" 201 - "-" "-"
::1 - - [19/Jun/2024:11:46:49 +0000] "POST /melchor-gateway/humidity-1/temperature HTTP/1.1" 201 - "-" "-"
::1 - - [19/Jun/2024:11:46:49 +0000] "POST /melchor-gateway/humidity-1/voltage HTTP/1.1" 201 - "-" "-"
::1 - - [19/Jun/2024:11:46:49 +0000] "POST /melchor-gateway/humidity-1/battery HTTP/1.1" 201 - "-" "-"
::1 - - [19/Jun/2024:11:46:49 +0000] "POST /melchor-gateway/humidity-1/voltage HTTP/1.1" 201 - "-" "-"
::1 - - [19/Jun/2024:11:46:49 +0000] "POST /melchor-gateway/humidity-1/linkquality HTTP/1.1" 201 - "-" "-"
::1 - - [19/Jun/2024:11:46:49 +0000] "POST /melchor-gateway/humidity-1/temperature HTTP/1.1" 201 - "-" "-"
::1 - - [19/Jun/2024:11:47:39 +0000] "POST /melchor-gateway/humidity-1/humidity HTTP/1.1" 201 - "-" "-"
::1 - - [19/Jun/2024:11:47:39 +0000] "POST /melchor-gateway/humidity-1/battery HTTP/1.1" 201 - "-" "-"
::1 - - [19/Jun/2024:11:47:39 +0000] "POST /melchor-gateway/humidity-1/linkquality HTTP/1.1" 201 - "-" "-"
::1 - - [19/Jun/2024:11:47:39 +0000] "POST /melchor-gateway/humidity-1/temperature HTTP/1.1" 201 - "-" "-"
::1 - - [19/Jun/2024:11:47:39 +0000] "POST /melchor-gateway/humidity-1/voltage HTTP/1.1" 201 - "-" "-"
::1 - - [19/Jun/2024:11:49:32 +0000] "POST /melchor-gateway/humidity-1/humidity HTTP/1.1" 201 - "-" "-"
::1 - - [19/Jun/2024:11:49:32 +0000] "POST /melchor-gateway/humidity-1/linkquality HTTP/1.1" 201 - "-" "-"
::1 - - [19/Jun/2024:11:49:32 +0000] "POST /melchor-gateway/humidity-1/temperature HTTP/1.1" 201 - "-" "-"
::1 - - [19/Jun/2024:11:49:32 +0000] "POST /melchor-gateway/humidity-1/voltage HTTP/1.1" 201 - "-" "-"
::1 - - [19/Jun/2024:11:49:32 +0000] "POST /melchor-gateway/humidity-1/battery HTTP/1.1" 201 - "-" "-"
::1 - - [19/Jun/2024:11:52:39 +0000] "POST /melchor-gateway/humidity-1/linkquality HTTP/1.1" 201 - "-" "-"
::1 - - [19/Jun/2024:11:52:39 +0000] "POST /melchor-gateway/humidity-1/humidity HTTP/1.1" 201 - "-" "-"
::1 - - [19/Jun/2024:11:52:39 +0000] "POST /melchor-gateway/humidity-1/temperature HTTP/1.1" 201 - "-" "-"
::1 - - [19/Jun/2024:11:52:39 +0000] "POST /melchor-gateway/humidity-1/battery HTTP/1.1" 201 - "-" "-"
::1 - - [19/Jun/2024:11:52:39 +0000] "POST /melchor-gateway/humidity-1/voltage HTTP/1.1" 201 - "-" "-"
::1 - - [19/Jun/2024:11:54:32 +0000] "POST /melchor-gateway/humidity-1/humidity HTTP/1.1" 201 - "-" "-"
::1 - - [19/Jun/2024:11:54:32 +0000] "POST /melchor-gateway/humidity-1/temperature HTTP/1.1" 201 - "-" "-"
::1 - - [19/Jun/2024:11:54:32 +0000] "POST /melchor-gateway/humidity-1/linkquality HTTP/1.1" 201 - "-" "-"
::1 - - [19/Jun/2024:11:54:32 +0000] "POST /melchor-gateway/humidity-1/battery HTTP/1.1" 201 - "-" "-"
::1 - - [19/Jun/2024:11:54:32 +0000] "POST /melchor-gateway/humidity-1/voltage HTTP/1.1" 201 - "-" "-"
::1 - - [19/Jun/2024:11:57:39 +0000] "POST /melchor-gateway/humidity-1/voltage HTTP/1.1" 201 - "-" "-"
::1 - - [19/Jun/2024:11:57:39 +0000] "POST /melchor-gateway/humidity-1/battery HTTP/1.1" 201 - "-" "-"
::1 - - [19/Jun/2024:11:57:39 +0000] "POST /melchor-gateway/humidity-1/humidity HTTP/1.1" 201 - "-" "-"
::1 - - [19/Jun/2024:11:57:39 +0000] "POST /melchor-gateway/humidity-1/linkquality HTTP/1.1" 201 - "-" "-"
::1 - - [19/Jun/2024:11:57:39 +0000] "POST /melchor-gateway/humidity-1/temperature HTTP/1.1" 201 - "-" "-"
::1 - - [19/Jun/2024:11:59:32 +0000] "POST /melchor-gateway/humidity-1/temperature HTTP/1.1" 201 - "-" "-"
::1 - - [19/Jun/2024:11:59:32 +0000] "POST /melchor-gateway/humidity-1/humidity HTTP/1.1" 201 - "-" "-"
::1 - - [19/Jun/2024:11:59:32 +0000] "POST /melchor-gateway/humidity-1/linkquality HTTP/1.1" 201 - "-" "-"
::1 - - [19/Jun/2024:11:59:32 +0000] "POST /melchor-gateway/humidity-1/battery HTTP/1.1" 201 - "-" "-"
::1 - - [19/Jun/2024:11:59:32 +0000] "POST /melchor-gateway/humidity-1/voltage HTTP/1.1" 201 - "-" "-"
::1 - - [19/Jun/2024:12:02:39 +0000] "POST /melchor-gateway/humidity-1/linkquality HTTP/1.1" 201 - "-" "-"
::1 - - [19/Jun/2024:12:02:39 +0000] "POST /melchor-gateway/humidity-1/temperature HTTP/1.1" 201 - "-" "-"
::1 - - [19/Jun/2024:12:02:39 +0000] "POST /melchor-gateway/humidity-1/humidity HTTP/1.1" 201 - "-" "-"
::1 - - [19/Jun/2024:12:02:39 +0000] "POST /melchor-gateway/humidity-1/battery HTTP/1.1" 201 - "-" "-"
::1 - - [19/Jun/2024:12:02:39 +0000] "POST /melchor-gateway/humidity-1/voltage HTTP/1.1" 201 - "-" "-"
::1 - - [19/Jun/2024:12:04:32 +0000] "POST /melchor-gateway/humidity-1/humidity HTTP/1.1" 201 - "-" "-"
::1 - - [19/Jun/2024:12:04:32 +0000] "POST /melchor-gateway/humidity-1/temperature HTTP/1.1" 201 - "-" "-"
::1 - - [19/Jun/2024:12:04:32 +0000] "POST /melchor-gateway/humidity-1/linkquality HTTP/1.1" 201 - "-" "-"
::1 - - [19/Jun/2024:12:04:32 +0000] "POST /melchor-gateway/humidity-1/battery HTTP/1.1" 201 - "-" "-"
::1 - - [19/Jun/2024:12:04:32 +0000] "POST /melchor-gateway/humidity-1/voltage HTTP/1.1" 201 - "-" "-"
::1 - - [19/Jun/2024:12:07:39 +0000] "POST /melchor-gateway/humidity-1/temperature HTTP/1.1" 201 - "-" "-"
::1 - - [19/Jun/2024:12:07:39 +0000] "POST /melchor-gateway/humidity-1/humidity HTTP/1.1" 201 - "-" "-"
::1 - - [19/Jun/2024:12:07:39 +0000] "POST /melchor-gateway/humidity-1/linkquality HTTP/1.1" 201 - "-" "-"
::1 - - [19/Jun/2024:12:07:40 +0000] "POST /melchor-gateway/humidity-1/voltage HTTP/1.1" 201 - "-" "-"
::1 - - [19/Jun/2024:12:07:40 +0000] "POST /melchor-gateway/humidity-1/battery HTTP/1.1" 201 - "-" "-"
::1 - - [19/Jun/2024:12:09:32 +0000] "POST /melchor-gateway/humidity-1/humidity HTTP/1.1" 201 - "-" "-"
::1 - - [19/Jun/2024:12:09:32 +0000] "POST /melchor-gateway/humidity-1/linkquality HTTP/1.1" 201 - "-" "-"
::1 - - [19/Jun/2024:12:09:32 +0000] "POST /melchor-gateway/humidity-1/temperature HTTP/1.1" 201 - "-" "-"
::1 - - [19/Jun/2024:12:09:32 +0000] "POST /melchor-gateway/humidity-1/battery HTTP/1.1" 201 - "-" "-"
::1 - - [19/Jun/2024:12:09:32 +0000] "POST /melchor-gateway/humidity-1/voltage HTTP/1.1" 201 - "-" "-"
::1 - - [19/Jun/2024:12:12:40 +0000] "POST /melchor-gateway/humidity-1/battery HTTP/1.1" 201 - "-" "-"
::1 - - [19/Jun/2024:12:12:40 +0000] "POST /melchor-gateway/humidity-1/temperature HTTP/1.1" 201 - "-" "-"
::1 - - [19/Jun/2024:12:12:40 +0000] "POST /melchor-gateway/humidity-1/humidity HTTP/1.1" 201 - "-" "-"
::1 - - [19/Jun/2024:12:12:40 +0000] "POST /melchor-gateway/humidity-1/linkquality HTTP/1.1" 201 - "-" "-"
::1 - - [19/Jun/2024:12:12:40 +0000] "POST /melchor-gateway/humidity-1/voltage HTTP/1.1" 201 - "-" "-"
::1 - - [19/Jun/2024:12:14:32 +0000] "POST /melchor-gateway/humidity-1/linkquality HTTP/1.1" 201 - "-" "-"
::1 - - [19/Jun/2024:12:14:32 +0000] "POST /melchor-gateway/humidity-1/humidity HTTP/1.1" 201 - "-" "-"
::1 - - [19/Jun/2024:12:14:32 +0000] "POST /melchor-gateway/humidity-1/temperature HTTP/1.1" 201 - "-" "-"
::1 - - [19/Jun/2024:12:14:32 +0000] "POST /melchor-gateway/humidity-1/battery HTTP/1.1" 201 - "-" "-"
::1 - - [19/Jun/2024:12:14:32 +0000] "POST /melchor-gateway/humidity-1/voltage HTTP/1.1" 201 - "-" "-"
::1 - - [19/Jun/2024:12:17:40 +0000] "POST /melchor-gateway/humidity-1/temperature HTTP/1.1" 201 - "-" "-"
::1 - - [19/Jun/2024:12:17:40 +0000] "POST /melchor-gateway/humidity-1/linkquality HTTP/1.1" 201 - "-" "-"
::1 - - [19/Jun/2024:12:17:40 +0000] "POST /melchor-gateway/humidity-1/humidity HTTP/1.1" 201 - "-" "-"
::1 - - [19/Jun/2024:12:17:40 +0000] "POST /melchor-gateway/humidity-1/voltage HTTP/1.1" 201 - "-" "-"
::1 - - [19/Jun/2024:12:17:40 +0000] "POST /melchor-gateway/humidity-1/battery HTTP/1.1" 201 - "-" "-"
::1 - - [19/Jun/2024:12:19:32 +0000] "POST /melchor-gateway/humidity-1/temperature HTTP/1.1" 201 - "-" "-"
::1 - - [19/Jun/2024:12:19:32 +0000] "POST /melchor-gateway/humidity-1/humidity HTTP/1.1" 201 - "-" "-"
::1 - - [19/Jun/2024:12:19:32 +0000] "POST /melchor-gateway/humidity-1/linkquality HTTP/1.1" 201 - "-" "-"
::1 - - [19/Jun/2024:12:19:32 +0000] "POST /melchor-gateway/humidity-1/battery HTTP/1.1" 201 - "-" "-"
::1 - - [19/Jun/2024:12:19:32 +0000] "POST /melchor-gateway/humidity-1/voltage HTTP/1.1" 201 - "-" "-"
::1 - - [19/Jun/2024:12:22:00 +0000] "POST /melchor-gateway/humidity-1/temperature HTTP/1.1" 201 - "-" "-"
::1 - - [19/Jun/2024:12:22:00 +0000] "POST /melchor-gateway/humidity-1/humidity HTTP/1.1" 201 - "-" "-"
::1 - - [19/Jun/2024:12:22:00 +0000] "POST /melchor-gateway/humidity-1/linkquality HTTP/1.1" 201 - "-" "-"
::1 - - [19/Jun/2024:12:22:00 +0000] "POST /melchor-gateway/humidity-1/voltage HTTP/1.1" 201 - "-" "-"
::1 - - [19/Jun/2024:12:22:00 +0000] "POST /melchor-gateway/humidity-1/battery HTTP/1.1" 201 - "-" "-"
::1 - - [19/Jun/2024:12:24:32 +0000] "POST /melchor-gateway/humidity-1/humidity HTTP/1.1" 201 - "-" "-"
::1 - - [19/Jun/2024:12:24:32 +0000] "POST /melchor-gateway/humidity-1/temperature HTTP/1.1" 201 - "-" "-"
::1 - - [19/Jun/2024:12:24:33 +0000] "POST /melchor-gateway/humidity-1/linkquality HTTP/1.1" 201 - "-" "-"
::1 - - [19/Jun/2024:12:24:33 +0000] "POST /melchor-gateway/humidity-1/voltage HTTP/1.1" 201 - "-" "-"
::1 - - [19/Jun/2024:12:24:33 +0000] "POST /melchor-gateway/humidity-1/battery HTTP/1.1" 201 - "-" "-"
::1 - - [19/Jun/2024:12:27:01 +0000] "POST /melchor-gateway/humidity-1/temperature HTTP/1.1" 201 - "-" "-"
::1 - - [19/Jun/2024:12:27:01 +0000] "POST /melchor-gateway/humidity-1/linkquality HTTP/1.1" 201 - "-" "-"
::1 - - [19/Jun/2024:12:27:01 +0000] "POST /melchor-gateway/humidity-1/humidity HTTP/1.1" 201 - "-" "-"
::1 - - [19/Jun/2024:12:27:01 +0000] "POST /melchor-gateway/humidity-1/voltage HTTP/1.1" 201 - "-" "-"
::1 - - [19/Jun/2024:12:27:01 +0000] "POST /melchor-gateway/humidity-1/battery HTTP/1.1" 201 - "-" "-"
::1 - - [19/Jun/2024:12:29:33 +0000] "POST /melchor-gateway/humidity-1/temperature HTTP/1.1" 201 - "-" "-"
::1 - - [19/Jun/2024:12:29:33 +0000] "POST /melchor-gateway/humidity-1/linkquality HTTP/1.1" 201 - "-" "-"
::1 - - [19/Jun/2024:12:29:33 +0000] "POST /melchor-gateway/humidity-1/humidity HTTP/1.1" 201 - "-" "-"
::1 - - [19/Jun/2024:12:29:33 +0000] "POST /melchor-gateway/humidity-1/voltage HTTP/1.1" 201 - "-" "-"
::1 - - [19/Jun/2024:12:29:33 +0000] "POST /melchor-gateway/humidity-1/battery HTTP/1.1" 201 - "-" "-"
::1 - - [19/Jun/2024:12:32:01 +0000] "POST /melchor-gateway/humidity-1/linkquality HTTP/1.1" 201 - "-" "-"
::1 - - [19/Jun/2024:12:32:01 +0000] "POST /melchor-gateway/humidity-1/humidity HTTP/1.1" 201 - "-" "-"
::1 - - [19/Jun/2024:12:32:01 +0000] "POST /melchor-gateway/humidity-1/temperature HTTP/1.1" 201 - "-" "-"
::1 - - [19/Jun/2024:12:32:01 +0000] "POST /melchor-gateway/humidity-1/voltage HTTP/1.1" 201 - "-" "-"
::1 - - [19/Jun/2024:12:32:01 +0000] "POST /melchor-gateway/humidity-1/battery HTTP/1.1" 201 - "-" "-"
::1 - - [19/Jun/2024:12:34:33 +0000] "POST /melchor-gateway/humidity-1/linkquality HTTP/1.1" 201 - "-" "-"
::1 - - [19/Jun/2024:12:34:33 +0000] "POST /melchor-gateway/humidity-1/temperature HTTP/1.1" 201 - "-" "-"
::1 - - [19/Jun/2024:12:34:33 +0000] "POST /melchor-gateway/humidity-1/humidity HTTP/1.1" 201 - "-" "-"
::1 - - [19/Jun/2024:12:34:33 +0000] "POST /melchor-gateway/humidity-1/voltage HTTP/1.1" 201 - "-" "-"
::1 - - [19/Jun/2024:12:34:33 +0000] "POST /melchor-gateway/humidity-1/battery HTTP/1.1" 201 - "-" "-"
::1 - - [19/Jun/2024:12:37:01 +0000] "POST /melchor-gateway/humidity-1/humidity HTTP/1.1" 201 - "-" "-"
::1 - - [19/Jun/2024:12:37:01 +0000] "POST /melchor-gateway/humidity-1/linkquality HTTP/1.1" 201 - "-" "-"
::1 - - [19/Jun/2024:12:37:01 +0000] "POST /melchor-gateway/humidity-1/temperature HTTP/1.1" 201 - "-" "-"
::1 - - [19/Jun/2024:12:37:01 +0000] "POST /melchor-gateway/humidity-1/voltage HTTP/1.1" 201 - "-" "-"
::1 - - [19/Jun/2024:12:37:01 +0000] "POST /melchor-gateway/humidity-1/battery HTTP/1.1" 201 - "-" "-"
::1 - - [19/Jun/2024:12:39:33 +0000] "POST /melchor-gateway/humidity-1/temperature HTTP/1.1" 201 - "-" "-"
::1 - - [19/Jun/2024:12:39:33 +0000] "POST /melchor-gateway/humidity-1/humidity HTTP/1.1" 201 - "-" "-"
::1 - - [19/Jun/2024:12:39:33 +0000] "POST /melchor-gateway/humidity-1/linkquality HTTP/1.1" 201 - "-" "-"
::1 - - [19/Jun/2024:12:39:33 +0000] "POST /melchor-gateway/humidity-1/battery HTTP/1.1" 201 - "-" "-"
::1 - - [19/Jun/2024:12:39:33 +0000] "POST /melchor-gateway/humidity-1/voltage HTTP/1.1" 201 - "-" "-"
::1 - - [19/Jun/2024:12:42:01 +0000] "POST /melchor-gateway/humidity-1/temperature HTTP/1.1" 201 - "-" "-"
::1 - - [19/Jun/2024:12:42:01 +0000] "POST /melchor-gateway/humidity-1/humidity HTTP/1.1" 201 - "-" "-"
::1 - - [19/Jun/2024:12:42:01 +0000] "POST /melchor-gateway/humidity-1/linkquality HTTP/1.1" 201 - "-" "-"
::1 - - [19/Jun/2024:12:42:01 +0000] "POST /melchor-gateway/humidity-1/battery HTTP/1.1" 201 - "-" "-"
::1 - - [19/Jun/2024:12:42:01 +0000] "POST /melchor-gateway/humidity-1/voltage HTTP/1.1" 201 - "-" "-"
::1 - - [19/Jun/2024:12:44:33 +0000] "POST /melchor-gateway/humidity-1/humidity HTTP/1.1" 201 - "-" "-"
::1 - - [19/Jun/2024:12:44:33 +0000] "POST /melchor-gateway/humidity-1/voltage HTTP/1.1" 201 - "-" "-"
::1 - - [19/Jun/2024:12:44:33 +0000] "POST /melchor-gateway/humidity-1/battery HTTP/1.1" 201 - "-" "-"
::1 - - [19/Jun/2024:12:44:33 +0000] "POST /melchor-gateway/humidity-1/temperature HTTP/1.1" 201 - "-" "-"
::1 - - [19/Jun/2024:12:44:33 +0000] "POST /melchor-gateway/humidity-1/linkquality HTTP/1.1" 201 - "-" "-"
::1 - - [19/Jun/2024:12:47:01 +0000] "POST /melchor-gateway/humidity-1/linkquality HTTP/1.1" 201 - "-" "-"
::1 - - [19/Jun/2024:12:47:01 +0000] "POST /melchor-gateway/humidity-1/humidity HTTP/1.1" 201 - "-" "-"
::1 - - [19/Jun/2024:12:47:01 +0000] "POST /melchor-gateway/humidity-1/temperature HTTP/1.1" 201 - "-" "-"
::1 - - [19/Jun/2024:12:47:01 +0000] "POST /melchor-gateway/humidity-1/voltage HTTP/1.1" 201 - "-" "-"
::1 - - [19/Jun/2024:12:47:01 +0000] "POST /melchor-gateway/humidity-1/battery HTTP/1.1" 201 - "-" "-"
::1 - - [19/Jun/2024:12:49:33 +0000] "POST /melchor-gateway/humidity-1/temperature HTTP/1.1" 201 - "-" "-"
::1 - - [19/Jun/2024:12:49:33 +0000] "POST /melchor-gateway/humidity-1/battery HTTP/1.1" 201 - "-" "-"
::1 - - [19/Jun/2024:12:49:33 +0000] "POST /melchor-gateway/humidity-1/linkquality HTTP/1.1" 201 - "-" "-"
::1 - - [19/Jun/2024:12:49:33 +0000] "POST /melchor-gateway/humidity-1/humidity HTTP/1.1" 201 - "-" "-"
::1 - - [19/Jun/2024:12:49:33 +0000] "POST /melchor-gateway/humidity-1/voltage HTTP/1.1" 201 - "-" "-"
::1 - - [19/Jun/2024:12:52:01 +0000] "POST /melchor-gateway/humidity-1/temperature HTTP/1.1" 201 - "-" "-"
::1 - - [19/Jun/2024:12:52:01 +0000] "POST /melchor-gateway/humidity-1/humidity HTTP/1.1" 201 - "-" "-"
::1 - - [19/Jun/2024:12:52:01 +0000] "POST /melchor-gateway/humidity-1/linkquality HTTP/1.1" 201 - "-" "-"
::1 - - [19/Jun/2024:12:52:01 +0000] "POST /melchor-gateway/humidity-1/voltage HTTP/1.1" 201 - "-" "-"
::1 - - [19/Jun/2024:12:52:01 +0000] "POST /melchor-gateway/humidity-1/battery HTTP/1.1" 201 - "-" "-"
::1 - - [19/Jun/2024:12:54:33 +0000] "POST /melchor-gateway/humidity-1/linkquality HTTP/1.1" 201 - "-" "-"
::1 - - [19/Jun/2024:12:54:33 +0000] "POST /melchor-gateway/humidity-1/humidity HTTP/1.1" 201 - "-" "-"
::1 - - [19/Jun/2024:12:54:33 +0000] "POST /melchor-gateway/humidity-1/temperature HTTP/1.1" 201 - "-" "-"
::1 - - [19/Jun/2024:12:54:33 +0000] "POST /melchor-gateway/humidity-1/voltage HTTP/1.1" 201 - "-" "-"
::1 - - [19/Jun/2024:12:54:33 +0000] "POST /melchor-gateway/humidity-1/battery HTTP/1.1" 201 - "-" "-"
::1 - - [19/Jun/2024:12:57:01 +0000] "POST /melchor-gateway/humidity-1/linkquality HTTP/1.1" 201 - "-" "-"
::1 - - [19/Jun/2024:12:57:01 +0000] "POST /melchor-gateway/humidity-1/battery HTTP/1.1" 201 - "-" "-"
::1 - - [19/Jun/2024:12:57:01 +0000] "POST /melchor-gateway/humidity-1/temperature HTTP/1.1" 201 - "-" "-"
::1 - - [19/Jun/2024:12:57:01 +0000] "POST /melchor-gateway/humidity-1/humidity HTTP/1.1" 201 - "-" "-"
::1 - - [19/Jun/2024:12:57:01 +0000] "POST /melchor-gateway/humidity-1/voltage HTTP/1.1" 201 - "-" "-"
::1 - - [19/Jun/2024:12:59:33 +0000] "POST /melchor-gateway/humidity-1/humidity HTTP/1.1" 201 - "-" "-"
::1 - - [19/Jun/2024:12:59:33 +0000] "POST /melchor-gateway/humidity-1/linkquality HTTP/1.1" 201 - "-" "-"
::1 - - [19/Jun/2024:12:59:33 +0000] "POST /melchor-gateway/humidity-1/voltage HTTP/1.1" 201 - "-" "-"
::1 - - [19/Jun/2024:12:59:33 +0000] "POST /melchor-gateway/humidity-1/temperature HTTP/1.1" 201 - "-" "-"
::1 - - [19/Jun/2024:12:59:33 +0000] "POST /melchor-gateway/humidity-1/battery HTTP/1.1" 201 - "-" "-"
::1 - - [19/Jun/2024:13:02:01 +0000] "POST /melchor-gateway/humidity-1/temperature HTTP/1.1" 201 - "-" "-"
::1 - - [19/Jun/2024:13:02:01 +0000] "POST /melchor-gateway/humidity-1/humidity HTTP/1.1" 201 - "-" "-"
::1 - - [19/Jun/2024:13:02:01 +0000] "POST /melchor-gateway/humidity-1/linkquality HTTP/1.1" 201 - "-" "-"
::1 - - [19/Jun/2024:13:02:02 +0000] "POST /melchor-gateway/humidity-1/battery HTTP/1.1" 201 - "-" "-"
::1 - - [19/Jun/2024:13:02:02 +0000] "POST /melchor-gateway/humidity-1/voltage HTTP/1.1" 201 - "-" "-"
::1 - - [19/Jun/2024:13:03:10 +0000] "POST /melchor-gateway/humidity-1/linkquality HTTP/1.1" 201 - "-" "-"
::1 - - [19/Jun/2024:13:03:10 +0000] "POST /melchor-gateway/humidity-1/temperature HTTP/1.1" 201 - "-" "-"
::1 - - [19/Jun/2024:13:03:10 +0000] "POST /melchor-gateway/humidity-1/humidity HTTP/1.1" 201 - "-" "-"
::1 - - [19/Jun/2024:13:03:10 +0000] "POST /melchor-gateway/humidity-1/battery HTTP/1.1" 201 - "-" "-"
::1 - - [19/Jun/2024:13:03:10 +0000] "POST /melchor-gateway/humidity-1/voltage HTTP/1.1" 201 - "-" "-"
::1 - - [19/Jun/2024:13:04:51 +0000] "POST /melchor-gateway/humidity-1/battery HTTP/1.1" 201 - "-" "-"
::1 - - [19/Jun/2024:13:04:51 +0000] "POST /melchor-gateway/humidity-1/humidity HTTP/1.1" 201 - "-" "-"
::1 - - [19/Jun/2024:13:04:51 +0000] "POST /melchor-gateway/humidity-1/linkquality HTTP/1.1" 201 - "-" "-"
::1 - - [19/Jun/2024:13:04:51 +0000] "POST /melchor-gateway/humidity-1/voltage HTTP/1.1" 201 - "-" "-"
::1 - - [19/Jun/2024:13:04:51 +0000] "POST /melchor-gateway/humidity-1/temperature HTTP/1.1" 201 - "-" "-"
::1 - - [19/Jun/2024:13:05:41 +0000] "POST /melchor-gateway/humidity-1/humidity HTTP/1.1" 201 - "-" "-"
::1 - - [19/Jun/2024:13:05:41 +0000] "POST /melchor-gateway/humidity-1/temperature HTTP/1.1" 201 - "-" "-"
::1 - - [19/Jun/2024:13:05:41 +0000] "POST /melchor-gateway/humidity-1/linkquality HTTP/1.1" 201 - "-" "-"
::1 - - [19/Jun/2024:13:05:41 +0000] "POST /melchor-gateway/humidity-1/battery HTTP/1.1" 201 - "-" "-"
::1 - - [19/Jun/2024:13:05:41 +0000] "POST /melchor-gateway/humidity-1/voltage HTTP/1.1" 201 - "-" "-"
::1 - - [19/Jun/2024:13:07:09 +0000] "POST /melchor-gateway/humidity-1/linkquality HTTP/1.1" 201 - "-" "-"
::1 - - [19/Jun/2024:13:07:09 +0000] "POST /melchor-gateway/humidity-1/humidity HTTP/1.1" 201 - "-" "-"
::1 - - [19/Jun/2024:13:07:09 +0000] "POST /melchor-gateway/humidity-1/temperature HTTP/1.1" 201 - "-" "-"
::1 - - [19/Jun/2024:13:07:09 +0000] "POST /melchor-gateway/humidity-1/battery HTTP/1.1" 201 - "-" "-"
::1 - - [19/Jun/2024:13:07:09 +0000] "POST /melchor-gateway/humidity-1/linkquality HTTP/1.1" 201 - "-" "-"
::1 - - [19/Jun/2024:13:07:09 +0000] "POST /melchor-gateway/humidity-1/voltage HTTP/1.1" 201 - "-" "-"
::1 - - [19/Jun/2024:13:07:09 +0000] "POST /melchor-gateway/humidity-1/battery HTTP/1.1" 201 - "-" "-"
::1 - - [19/Jun/2024:13:07:09 +0000] "POST /melchor-gateway/humidity-1/temperature HTTP/1.1" 201 - "-" "-"
::1 - - [19/Jun/2024:13:07:09 +0000] "POST /melchor-gateway/humidity-1/humidity HTTP/1.1" 201 - "-" "-"
::1 - - [19/Jun/2024:13:07:09 +0000] "POST /melchor-gateway/humidity-1/voltage HTTP/1.1" 201 - "-" "-"
::1 - - [19/Jun/2024:13:08:01 +0000] "POST /melchor-gateway/humidity-1/temperature HTTP/1.1" 201 - "-" "-"
::1 - - [19/Jun/2024:13:08:01 +0000] "POST /melchor-gateway/humidity-1/humidity HTTP/1.1" 201 - "-" "-"
::1 - - [19/Jun/2024:13:08:01 +0000] "POST /melchor-gateway/humidity-1/linkquality HTTP/1.1" 201 - "-" "-"
::1 - - [19/Jun/2024:13:08:02 +0000] "POST /melchor-gateway/humidity-1/battery HTTP/1.1" 201 - "-" "-"
::1 - - [19/Jun/2024:13:08:02 +0000] "POST /melchor-gateway/humidity-1/voltage HTTP/1.1" 201 - "-" "-"
::1 - - [19/Jun/2024:13:09:51 +0000] "POST /melchor-gateway/humidity-1/temperature HTTP/1.1" 201 - "-" "-"
::1 - - [19/Jun/2024:13:09:51 +0000] "POST /melchor-gateway/humidity-1/linkquality HTTP/1.1" 201 - "-" "-"
::1 - - [19/Jun/2024:13:09:51 +0000] "POST /melchor-gateway/humidity-1/humidity HTTP/1.1" 201 - "-" "-"
::1 - - [19/Jun/2024:13:09:51 +0000] "POST /melchor-gateway/humidity-1/battery HTTP/1.1" 201 - "-" "-"
::1 - - [19/Jun/2024:13:09:51 +0000] "POST /melchor-gateway/humidity-1/voltage HTTP/1.1" 201 - "-" "-"
::1 - - [19/Jun/2024:13:11:02 +0000] "POST /melchor-gateway/humidity-1/temperature HTTP/1.1" 201 - "-" "-"
::1 - - [19/Jun/2024:13:11:02 +0000] "POST /melchor-gateway/humidity-1/linkquality HTTP/1.1" 201 - "-" "-"
::1 - - [19/Jun/2024:13:11:02 +0000] "POST /melchor-gateway/humidity-1/battery HTTP/1.1" 201 - "-" "-"
::1 - - [19/Jun/2024:13:11:02 +0000] "POST /melchor-gateway/humidity-1/humidity HTTP/1.1" 201 - "-" "-"
::1 - - [19/Jun/2024:13:11:02 +0000] "POST /melchor-gateway/humidity-1/voltage HTTP/1.1" 201 - "-" "-"
::1 - - [19/Jun/2024:13:14:51 +0000] "POST /melchor-gateway/humidity-1/humidity HTTP/1.1" 201 - "-" "-"
::1 - - [19/Jun/2024:13:14:51 +0000] "POST /melchor-gateway/humidity-1/linkquality HTTP/1.1" 201 - "-" "-"
::1 - - [19/Jun/2024:13:14:51 +0000] "POST /melchor-gateway/humidity-1/temperature HTTP/1.1" 201 - "-" "-"
::1 - - [19/Jun/2024:13:14:51 +0000] "POST /melchor-gateway/humidity-1/battery HTTP/1.1" 201 - "-" "-"
::1 - - [19/Jun/2024:13:14:51 +0000] "POST /melchor-gateway/humidity-1/voltage HTTP/1.1" 201 - "-" "-"
::1 - - [19/Jun/2024:13:14:53 +0000] "POST /melchor-gateway/humidity-1/voltage HTTP/1.1" 201 - "-" "-"
::1 - - [19/Jun/2024:13:14:53 +0000] "POST /melchor-gateway/humidity-1/linkquality HTTP/1.1" 201 - "-" "-"
::1 - - [19/Jun/2024:13:14:53 +0000] "POST /melchor-gateway/humidity-1/humidity HTTP/1.1" 201 - "-" "-"
::1 - - [19/Jun/2024:13:14:53 +0000] "POST /melchor-gateway/humidity-1/temperature HTTP/1.1" 201 - "-" "-"
::1 - - [19/Jun/2024:13:14:53 +0000] "POST /melchor-gateway/humidity-1/battery HTTP/1.1" 201 - "-" "-"
::1 - - [19/Jun/2024:13:19:51 +0000] "POST /melchor-gateway/humidity-1/temperature HTTP/1.1" 201 - "-" "-"
::1 - - [19/Jun/2024:13:19:51 +0000] "POST /melchor-gateway/humidity-1/linkquality HTTP/1.1" 201 - "-" "-"
::1 - - [19/Jun/2024:13:19:51 +0000] "POST /melchor-gateway/humidity-1/humidity HTTP/1.1" 201 - "-" "-"
::1 - - [19/Jun/2024:13:19:51 +0000] "POST /melchor-gateway/humidity-1/battery HTTP/1.1" 201 - "-" "-"
::1 - - [19/Jun/2024:13:19:51 +0000] "POST /melchor-gateway/humidity-1/voltage HTTP/1.1" 201 - "-" "-"
::1 - - [19/Jun/2024:13:19:53 +0000] "POST /melchor-gateway/humidity-1/voltage HTTP/1.1" 201 - "-" "-"
::1 - - [19/Jun/2024:13:19:53 +0000] "POST /melchor-gateway/humidity-1/temperature HTTP/1.1" 201 - "-" "-"
::1 - - [19/Jun/2024:13:19:53 +0000] "POST /melchor-gateway/humidity-1/linkquality HTTP/1.1" 201 - "-" "-"
::1 - - [19/Jun/2024:13:19:53 +0000] "POST /melchor-gateway/humidity-1/humidity HTTP/1.1" 201 - "-" "-"
::1 - - [19/Jun/2024:13:19:53 +0000] "POST /melchor-gateway/humidity-1/battery HTTP/1.1" 201 - "-" "-"
::1 - - [19/Jun/2024:13:24:51 +0000] "POST /melchor-gateway/humidity-1/linkquality HTTP/1.1" 201 - "-" "-"
::1 - - [19/Jun/2024:13:24:51 +0000] "POST /melchor-gateway/humidity-1/humidity HTTP/1.1" 201 - "-" "-"
::1 - - [19/Jun/2024:13:24:51 +0000] "POST /melchor-gateway/humidity-1/temperature HTTP/1.1" 201 - "-" "-"
::1 - - [19/Jun/2024:13:24:51 +0000] "POST /melchor-gateway/humidity-1/battery HTTP/1.1" 201 - "-" "-"
::1 - - [19/Jun/2024:13:24:51 +0000] "POST /melchor-gateway/humidity-1/voltage HTTP/1.1" 201 - "-" "-"
::1 - - [19/Jun/2024:13:24:53 +0000] "POST /melchor-gateway/humidity-1/linkquality HTTP/1.1" 201 - "-" "-"
::1 - - [19/Jun/2024:13:24:53 +0000] "POST /melchor-gateway/humidity-1/voltage HTTP/1.1" 201 - "-" "-"
::1 - - [19/Jun/2024:13:24:53 +0000] "POST /melchor-gateway/humidity-1/temperature HTTP/1.1" 201 - "-" "-"
::1 - - [19/Jun/2024:13:24:53 +0000] "POST /melchor-gateway/humidity-1/battery HTTP/1.1" 201 - "-" "-"
::1 - - [19/Jun/2024:13:24:53 +0000] "POST /melchor-gateway/humidity-1/humidity HTTP/1.1" 201 - "-" "-"
::1 - - [19/Jun/2024:13:29:51 +0000] "POST /melchor-gateway/humidity-1/temperature HTTP/1.1" 201 - "-" "-"
::1 - - [19/Jun/2024:13:29:51 +0000] "POST /melchor-gateway/humidity-1/humidity HTTP/1.1" 201 - "-" "-"
::1 - - [19/Jun/2024:13:29:51 +0000] "POST /melchor-gateway/humidity-1/battery HTTP/1.1" 201 - "-" "-"
::1 - - [19/Jun/2024:13:29:51 +0000] "POST /melchor-gateway/humidity-1/linkquality HTTP/1.1" 201 - "-" "-"
::1 - - [19/Jun/2024:13:29:51 +0000] "POST /melchor-gateway/humidity-1/voltage HTTP/1.1" 201 - "-" "-"
::1 - - [19/Jun/2024:13:29:53 +0000] "POST /melchor-gateway/humidity-1/humidity HTTP/1.1" 201 - "-" "-"
::1 - - [19/Jun/2024:13:29:53 +0000] "POST /melchor-gateway/humidity-1/voltage HTTP/1.1" 201 - "-" "-"
::1 - - [19/Jun/2024:13:29:53 +0000] "POST /melchor-gateway/humidity-1/temperature HTTP/1.1" 201 - "-" "-"
::1 - - [19/Jun/2024:13:29:53 +0000] "POST /melchor-gateway/humidity-1/battery HTTP/1.1" 201 - "-" "-"
::1 - - [19/Jun/2024:13:29:54 +0000] "POST /melchor-gateway/humidity-1/linkquality HTTP/1.1" 201 - "-" "-"
::1 - - [19/Jun/2024:13:34:51 +0000] "POST /melchor-gateway/humidity-1/temperature HTTP/1.1" 201 - "-" "-"
::1 - - [19/Jun/2024:13:34:51 +0000] "POST /melchor-gateway/humidity-1/linkquality HTTP/1.1" 201 - "-" "-"
::1 - - [19/Jun/2024:13:34:52 +0000] "POST /melchor-gateway/humidity-1/humidity HTTP/1.1" 201 - "-" "-"
::1 - - [19/Jun/2024:13:34:52 +0000] "POST /melchor-gateway/humidity-1/voltage HTTP/1.1" 201 - "-" "-"
::1 - - [19/Jun/2024:13:34:52 +0000] "POST /melchor-gateway/humidity-1/battery HTTP/1.1" 201 - "-" "-"
::1 - - [19/Jun/2024:13:34:54 +0000] "POST /melchor-gateway/humidity-1/voltage HTTP/1.1" 201 - "-" "-"
::1 - - [19/Jun/2024:13:34:54 +0000] "POST /melchor-gateway/humidity-1/battery HTTP/1.1" 201 - "-" "-"
::1 - - [19/Jun/2024:13:34:54 +0000] "POST /melchor-gateway/humidity-1/temperature HTTP/1.1" 201 - "-" "-"
::1 - - [19/Jun/2024:13:34:54 +0000] "POST /melchor-gateway/humidity-1/linkquality HTTP/1.1" 201 - "-" "-"
::1 - - [19/Jun/2024:13:34:54 +0000] "POST /melchor-gateway/humidity-1/humidity HTTP/1.1" 201 - "-" "-"
::1 - - [19/Jun/2024:13:39:52 +0000] "POST /melchor-gateway/humidity-1/battery HTTP/1.1" 201 - "-" "-"
::1 - - [19/Jun/2024:13:39:52 +0000] "POST /melchor-gateway/humidity-1/humidity HTTP/1.1" 201 - "-" "-"
::1 - - [19/Jun/2024:13:39:52 +0000] "POST /melchor-gateway/humidity-1/temperature HTTP/1.1" 201 - "-" "-"
::1 - - [19/Jun/2024:13:39:52 +0000] "POST /melchor-gateway/humidity-1/voltage HTTP/1.1" 201 - "-" "-"
::1 - - [19/Jun/2024:13:39:52 +0000] "POST /melchor-gateway/humidity-1/linkquality HTTP/1.1" 201 - "-" "-"
::1 - - [19/Jun/2024:13:39:54 +0000] "POST /melchor-gateway/humidity-1/temperature HTTP/1.1" 201 - "-" "-"
::1 - - [19/Jun/2024:13:39:54 +0000] "POST /melchor-gateway/humidity-1/linkquality HTTP/1.1" 201 - "-" "-"
::1 - - [19/Jun/2024:13:39:54 +0000] "POST /melchor-gateway/humidity-1/battery HTTP/1.1" 201 - "-" "-"
::1 - - [19/Jun/2024:13:39:54 +0000] "POST /melchor-gateway/humidity-1/humidity HTTP/1.1" 201 - "-" "-"
::1 - - [19/Jun/2024:13:39:54 +0000] "POST /melchor-gateway/humidity-1/voltage HTTP/1.1" 201 - "-" "-"
::1 - - [19/Jun/2024:13:44:52 +0000] "POST /melchor-gateway/humidity-1/humidity HTTP/1.1" 201 - "-" "-"
::1 - - [19/Jun/2024:13:44:52 +0000] "POST /melchor-gateway/humidity-1/temperature HTTP/1.1" 201 - "-" "-"
::1 - - [19/Jun/2024:13:44:52 +0000] "POST /melchor-gateway/humidity-1/linkquality HTTP/1.1" 201 - "-" "-"
::1 - - [19/Jun/2024:13:44:52 +0000] "POST /melchor-gateway/humidity-1/voltage HTTP/1.1" 201 - "-" "-"
::1 - - [19/Jun/2024:13:44:52 +0000] "POST /melchor-gateway/humidity-1/battery HTTP/1.1" 201 - "-" "-"
::1 - - [19/Jun/2024:13:44:54 +0000] "POST /melchor-gateway/humidity-1/temperature HTTP/1.1" 201 - "-" "-"
::1 - - [19/Jun/2024:13:44:54 +0000] "POST /melchor-gateway/humidity-1/humidity HTTP/1.1" 201 - "-" "-"
::1 - - [19/Jun/2024:13:44:54 +0000] "POST /melchor-gateway/humidity-1/voltage HTTP/1.1" 201 - "-" "-"
::1 - - [19/Jun/2024:13:44:54 +0000] "POST /melchor-gateway/humidity-1/battery HTTP/1.1" 201 - "-" "-"
::1 - - [19/Jun/2024:13:44:54 +0000] "POST /melchor-gateway/humidity-1/linkquality HTTP/1.1" 201 - "-" "-"
::1 - - [19/Jun/2024:13:49:11 +0000] "POST /melchor-gateway/humidity-1/linkquality HTTP/1.1" 201 - "-" "-"
::1 - - [19/Jun/2024:13:49:11 +0000] "POST /melchor-gateway/humidity-1/temperature HTTP/1.1" 201 - "-" "-"
::1 - - [19/Jun/2024:13:49:11 +0000] "POST /melchor-gateway/humidity-1/humidity HTTP/1.1" 201 - "-" "-"
::1 - - [19/Jun/2024:13:49:11 +0000] "POST /melchor-gateway/humidity-1/battery HTTP/1.1" 201 - "-" "-"
::1 - - [19/Jun/2024:13:49:11 +0000] "POST /melchor-gateway/humidity-1/voltage HTTP/1.1" 201 - "-" "-"
::1 - - [19/Jun/2024:13:49:52 +0000] "POST /melchor-gateway/humidity-1/linkquality HTTP/1.1" 201 - "-" "-"
::1 - - [19/Jun/2024:13:49:52 +0000] "POST /melchor-gateway/humidity-1/battery HTTP/1.1" 201 - "-" "-"
::1 - - [19/Jun/2024:13:49:52 +0000] "POST /melchor-gateway/humidity-1/temperature HTTP/1.1" 201 - "-" "-"
::1 - - [19/Jun/2024:13:49:52 +0000] "POST /melchor-gateway/humidity-1/humidity HTTP/1.1" 201 - "-" "-"
::1 - - [19/Jun/2024:13:49:52 +0000] "POST /melchor-gateway/humidity-1/voltage HTTP/1.1" 201 - "-" "-"
::1 - - [19/Jun/2024:13:52:22 +0000] "POST /melchor-gateway/humidity-1/linkquality HTTP/1.1" 201 - "-" "-"
::1 - - [19/Jun/2024:13:52:22 +0000] "POST /melchor-gateway/humidity-1/humidity HTTP/1.1" 201 - "-" "-"
::1 - - [19/Jun/2024:13:52:22 +0000] "POST /melchor-gateway/humidity-1/temperature HTTP/1.1" 201 - "-" "-"
::1 - - [19/Jun/2024:13:52:22 +0000] "POST /melchor-gateway/humidity-1/battery HTTP/1.1" 201 - "-" "-"
::1 - - [19/Jun/2024:13:52:22 +0000] "POST /melchor-gateway/humidity-1/voltage HTTP/1.1" 201 - "-" "-"
::1 - - [19/Jun/2024:13:54:52 +0000] "POST /melchor-gateway/humidity-1/humidity HTTP/1.1" 201 - "-" "-"
::1 - - [19/Jun/2024:13:54:52 +0000] "POST /melchor-gateway/humidity-1/battery HTTP/1.1" 201 - "-" "-"
::1 - - [19/Jun/2024:13:54:52 +0000] "POST /melchor-gateway/humidity-1/temperature HTTP/1.1" 201 - "-" "-"
::1 - - [19/Jun/2024:13:54:52 +0000] "POST /melchor-gateway/humidity-1/linkquality HTTP/1.1" 201 - "-" "-"
::1 - - [19/Jun/2024:13:54:52 +0000] "POST /melchor-gateway/humidity-1/voltage HTTP/1.1" 201 - "-" "-"
::1 - - [19/Jun/2024:13:57:22 +0000] "POST /melchor-gateway/humidity-1/linkquality HTTP/1.1" 201 - "-" "-"
::1 - - [19/Jun/2024:13:57:22 +0000] "POST /melchor-gateway/humidity-1/temperature HTTP/1.1" 201 - "-" "-"
::1 - - [19/Jun/2024:13:57:22 +0000] "POST /melchor-gateway/humidity-1/humidity HTTP/1.1" 201 - "-" "-"
::1 - - [19/Jun/2024:13:57:22 +0000] "POST /melchor-gateway/humidity-1/battery HTTP/1.1" 201 - "-" "-"
::1 - - [19/Jun/2024:13:57:22 +0000] "POST /melchor-gateway/humidity-1/voltage HTTP/1.1" 201 - "-" "-"
::1 - - [19/Jun/2024:13:59:04 +0000] "POST /melchor-gateway/humidity-1/linkquality HTTP/1.1" 201 - "-" "-"
::1 - - [19/Jun/2024:13:59:04 +0000] "POST /melchor-gateway/humidity-1/humidity HTTP/1.1" 201 - "-" "-"
::1 - - [19/Jun/2024:13:59:04 +0000] "POST /melchor-gateway/humidity-1/temperature HTTP/1.1" 201 - "-" "-"
::1 - - [19/Jun/2024:13:59:04 +0000] "POST /melchor-gateway/humidity-1/battery HTTP/1.1" 201 - "-" "-"
::1 - - [19/Jun/2024:13:59:04 +0000] "POST /melchor-gateway/humidity-1/voltage HTTP/1.1" 201 - "-" "-"
::1 - - [19/Jun/2024:13:59:52 +0000] "POST /melchor-gateway/humidity-1/linkquality HTTP/1.1" 201 - "-" "-"
::1 - - [19/Jun/2024:13:59:52 +0000] "POST /melchor-gateway/humidity-1/temperature HTTP/1.1" 201 - "-" "-"
::1 - - [19/Jun/2024:13:59:52 +0000] "POST /melchor-gateway/humidity-1/humidity HTTP/1.1" 201 - "-" "-"
::1 - - [19/Jun/2024:13:59:52 +0000] "POST /melchor-gateway/humidity-1/battery HTTP/1.1" 201 - "-" "-"
::1 - - [19/Jun/2024:13:59:52 +0000] "POST /melchor-gateway/humidity-1/voltage HTTP/1.1" 201 - "-" "-"
::1 - - [19/Jun/2024:14:00:44 +0000] "POST /melchor-gateway/humidity-1/humidity HTTP/1.1" 201 - "-" "-"
::1 - - [19/Jun/2024:14:00:44 +0000] "POST /melchor-gateway/humidity-1/temperature HTTP/1.1" 201 - "-" "-"
::1 - - [19/Jun/2024:14:00:44 +0000] "POST /melchor-gateway/humidity-1/linkquality HTTP/1.1" 201 - "-" "-"
::1 - - [19/Jun/2024:14:00:44 +0000] "POST /melchor-gateway/humidity-1/battery HTTP/1.1" 201 - "-" "-"
::1 - - [19/Jun/2024:14:00:44 +0000] "POST /melchor-gateway/humidity-1/voltage HTTP/1.1" 201 - "-" "-"
::1 - - [19/Jun/2024:14:02:35 +0000] "POST /melchor-gateway/humidity-1/temperature HTTP/1.1" 201 - "-" "-"
::1 - - [19/Jun/2024:14:02:35 +0000] "POST /melchor-gateway/humidity-1/humidity HTTP/1.1" 201 - "-" "-"
::1 - - [19/Jun/2024:14:02:35 +0000] "POST /melchor-gateway/humidity-1/linkquality HTTP/1.1" 201 - "-" "-"
::1 - - [19/Jun/2024:14:02:35 +0000] "POST /melchor-gateway/humidity-1/battery HTTP/1.1" 201 - "-" "-"
::1 - - [19/Jun/2024:14:02:35 +0000] "POST /melchor-gateway/humidity-1/voltage HTTP/1.1" 201 - "-" "-"
::1 - - [19/Jun/2024:14:02:55 +0000] "POST /melchor-gateway/humidity-1/linkquality HTTP/1.1" 201 - "-" "-"
::1 - - [19/Jun/2024:14:02:55 +0000] "POST /melchor-gateway/humidity-1/humidity HTTP/1.1" 201 - "-" "-"
::1 - - [19/Jun/2024:14:02:55 +0000] "POST /melchor-gateway/humidity-1/temperature HTTP/1.1" 201 - "-" "-"
::1 - - [19/Jun/2024:14:02:55 +0000] "POST /melchor-gateway/humidity-1/battery HTTP/1.1" 201 - "-" "-"
::1 - - [19/Jun/2024:14:02:55 +0000] "POST /melchor-gateway/humidity-1/voltage HTTP/1.1" 201 - "-" "-"
::1 - - [19/Jun/2024:14:04:15 +0000] "POST /melchor-gateway/humidity-1/linkquality HTTP/1.1" 201 - "-" "-"
::1 - - [19/Jun/2024:14:04:15 +0000] "POST /melchor-gateway/humidity-1/humidity HTTP/1.1" 201 - "-" "-"
::1 - - [19/Jun/2024:14:04:15 +0000] "POST /melchor-gateway/humidity-1/temperature HTTP/1.1" 201 - "-" "-"
::1 - - [19/Jun/2024:14:04:15 +0000] "POST /melchor-gateway/humidity-1/voltage HTTP/1.1" 201 - "-" "-"
::1 - - [19/Jun/2024:14:04:15 +0000] "POST /melchor-gateway/humidity-1/battery HTTP/1.1" 201 - "-" "-"
::1 - - [19/Jun/2024:14:05:35 +0000] "POST /melchor-gateway/humidity-1/linkquality HTTP/1.1" 201 - "-" "-"
::1 - - [19/Jun/2024:14:05:35 +0000] "POST /melchor-gateway/humidity-1/temperature HTTP/1.1" 201 - "-" "-"
::1 - - [19/Jun/2024:14:05:35 +0000] "POST /melchor-gateway/humidity-1/battery HTTP/1.1" 201 - "-" "-"
::1 - - [19/Jun/2024:14:05:35 +0000] "POST /melchor-gateway/humidity-1/humidity HTTP/1.1" 201 - "-" "-"
::1 - - [19/Jun/2024:14:05:35 +0000] "POST /melchor-gateway/humidity-1/voltage HTTP/1.1" 201 - "-" "-"
::1 - - [19/Jun/2024:14:06:46 +0000] "POST /melchor-gateway/humidity-1/temperature HTTP/1.1" 201 - "-" "-"
::1 - - [19/Jun/2024:14:06:46 +0000] "POST /melchor-gateway/humidity-1/humidity HTTP/1.1" 201 - "-" "-"
::1 - - [19/Jun/2024:14:06:46 +0000] "POST /melchor-gateway/humidity-1/battery HTTP/1.1" 201 - "-" "-"
::1 - - [19/Jun/2024:14:06:46 +0000] "POST /melchor-gateway/humidity-1/linkquality HTTP/1.1" 201 - "-" "-"
::1 - - [19/Jun/2024:14:06:46 +0000] "POST /melchor-gateway/humidity-1/voltage HTTP/1.1" 201 - "-" "-"
::1 - - [19/Jun/2024:14:08:36 +0000] "POST /melchor-gateway/humidity-1/temperature HTTP/1.1" 201 - "-" "-"
::1 - - [19/Jun/2024:14:08:36 +0000] "POST /melchor-gateway/humidity-1/linkquality HTTP/1.1" 201 - "-" "-"
::1 - - [19/Jun/2024:14:08:36 +0000] "POST /melchor-gateway/humidity-1/battery HTTP/1.1" 201 - "-" "-"
::1 - - [19/Jun/2024:14:08:36 +0000] "POST /melchor-gateway/humidity-1/humidity HTTP/1.1" 201 - "-" "-"
::1 - - [19/Jun/2024:14:08:36 +0000] "POST /melchor-gateway/humidity-1/voltage HTTP/1.1" 201 - "-" "-"
::1 - - [19/Jun/2024:14:09:46 +0000] "POST /melchor-gateway/humidity-1/temperature HTTP/1.1" 201 - "-" "-"
::1 - - [19/Jun/2024:14:09:46 +0000] "POST /melchor-gateway/humidity-1/humidity HTTP/1.1" 201 - "-" "-"
::1 - - [19/Jun/2024:14:09:46 +0000] "POST /melchor-gateway/humidity-1/battery HTTP/1.1" 201 - "-" "-"
::1 - - [19/Jun/2024:14:09:46 +0000] "POST /melchor-gateway/humidity-1/linkquality HTTP/1.1" 201 - "-" "-"
::1 - - [19/Jun/2024:14:09:46 +0000] "POST /melchor-gateway/humidity-1/voltage HTTP/1.1" 201 - "-" "-"
::1 - - [19/Jun/2024:14:13:17 +0000] "POST /melchor-gateway/humidity-1/humidity HTTP/1.1" 201 - "-" "-"
::1 - - [19/Jun/2024:14:13:17 +0000] "POST /melchor-gateway/humidity-1/temperature HTTP/1.1" 201 - "-" "-"
::1 - - [19/Jun/2024:14:13:17 +0000] "POST /melchor-gateway/humidity-1/linkquality HTTP/1.1" 201 - "-" "-"
::1 - - [19/Jun/2024:14:13:17 +0000] "POST /melchor-gateway/humidity-1/voltage HTTP/1.1" 201 - "-" "-"
::1 - - [19/Jun/2024:14:13:17 +0000] "POST /melchor-gateway/humidity-1/battery HTTP/1.1" 201 - "-" "-"
::1 - - [19/Jun/2024:14:13:58 +0000] "POST /melchor-gateway/humidity-1/battery HTTP/1.1" 201 - "-" "-"
::1 - - [19/Jun/2024:14:13:58 +0000] "POST /melchor-gateway/humidity-1/linkquality HTTP/1.1" 201 - "-" "-"
::1 - - [19/Jun/2024:14:13:58 +0000] "POST /melchor-gateway/humidity-1/temperature HTTP/1.1" 201 - "-" "-"
::1 - - [19/Jun/2024:14:13:58 +0000] "POST /melchor-gateway/humidity-1/humidity HTTP/1.1" 201 - "-" "-"
::1 - - [19/Jun/2024:14:13:58 +0000] "POST /melchor-gateway/humidity-1/voltage HTTP/1.1" 201 - "-" "-"
::1 - - [19/Jun/2024:14:18:17 +0000] "POST /melchor-gateway/humidity-1/temperature HTTP/1.1" 201 - "-" "-"
::1 - - [19/Jun/2024:14:18:17 +0000] "POST /melchor-gateway/humidity-1/humidity HTTP/1.1" 201 - "-" "-"
::1 - - [19/Jun/2024:14:18:17 +0000] "POST /melchor-gateway/humidity-1/linkquality HTTP/1.1" 201 - "-" "-"
::1 - - [19/Jun/2024:14:18:17 +0000] "POST /melchor-gateway/humidity-1/voltage HTTP/1.1" 201 - "-" "-"
::1 - - [19/Jun/2024:14:18:17 +0000] "POST /melchor-gateway/humidity-1/battery HTTP/1.1" 201 - "-" "-"
::1 - - [19/Jun/2024:14:18:58 +0000] "POST /melchor-gateway/humidity-1/temperature HTTP/1.1" 201 - "-" "-"
::1 - - [19/Jun/2024:14:18:58 +0000] "POST /melchor-gateway/humidity-1/linkquality HTTP/1.1" 201 - "-" "-"
::1 - - [19/Jun/2024:14:18:58 +0000] "POST /melchor-gateway/humidity-1/humidity HTTP/1.1" 201 - "-" "-"
::1 - - [19/Jun/2024:14:18:58 +0000] "POST /melchor-gateway/humidity-1/battery HTTP/1.1" 201 - "-" "-"
::1 - - [19/Jun/2024:14:18:58 +0000] "POST /melchor-gateway/humidity-1/voltage HTTP/1.1" 201 - "-" "-"
::1 - - [19/Jun/2024:14:23:18 +0000] "POST /melchor-gateway/humidity-1/linkquality HTTP/1.1" 201 - "-" "-"
::1 - - [19/Jun/2024:14:23:18 +0000] "POST /melchor-gateway/humidity-1/humidity HTTP/1.1" 201 - "-" "-"
::1 - - [19/Jun/2024:14:23:18 +0000] "POST /melchor-gateway/humidity-1/temperature HTTP/1.1" 201 - "-" "-"
::1 - - [19/Jun/2024:14:23:18 +0000] "POST /melchor-gateway/humidity-1/battery HTTP/1.1" 201 - "-" "-"
::1 - - [19/Jun/2024:14:23:18 +0000] "POST /melchor-gateway/humidity-1/voltage HTTP/1.1" 201 - "-" "-"
::1 - - [19/Jun/2024:14:23:58 +0000] "POST /melchor-gateway/humidity-1/linkquality HTTP/1.1" 201 - "-" "-"
::1 - - [19/Jun/2024:14:23:58 +0000] "POST /melchor-gateway/humidity-1/temperature HTTP/1.1" 201 - "-" "-"
::1 - - [19/Jun/2024:14:23:58 +0000] "POST /melchor-gateway/humidity-1/humidity HTTP/1.1" 201 - "-" "-"
::1 - - [19/Jun/2024:14:23:58 +0000] "POST /melchor-gateway/humidity-1/battery HTTP/1.1" 201 - "-" "-"
::1 - - [19/Jun/2024:14:23:58 +0000] "POST /melchor-gateway/humidity-1/voltage HTTP/1.1" 201 - "-" "-"
::1 - - [19/Jun/2024:14:27:18 +0000] "POST /melchor-gateway/humidity-1/temperature HTTP/1.1" 201 - "-" "-"
::1 - - [19/Jun/2024:14:27:18 +0000] "POST /melchor-gateway/humidity-1/humidity HTTP/1.1" 201 - "-" "-"
::1 - - [19/Jun/2024:14:27:18 +0000] "POST /melchor-gateway/humidity-1/battery HTTP/1.1" 201 - "-" "-"
::1 - - [19/Jun/2024:14:27:18 +0000] "POST /melchor-gateway/humidity-1/linkquality HTTP/1.1" 201 - "-" "-"
::1 - - [19/Jun/2024:14:27:18 +0000] "POST /melchor-gateway/humidity-1/temperature HTTP/1.1" 201 - "-" "-"
::1 - - [19/Jun/2024:14:27:18 +0000] "POST /melchor-gateway/humidity-1/voltage HTTP/1.1" 201 - "-" "-"
::1 - - [19/Jun/2024:14:27:18 +0000] "POST /melchor-gateway/humidity-1/battery HTTP/1.1" 201 - "-" "-"
::1 - - [19/Jun/2024:14:27:18 +0000] "POST /melchor-gateway/humidity-1/linkquality HTTP/1.1" 201 - "-" "-"
::1 - - [19/Jun/2024:14:27:18 +0000] "POST /melchor-gateway/humidity-1/humidity HTTP/1.1" 201 - "-" "-"
::1 - - [19/Jun/2024:14:27:18 +0000] "POST /melchor-gateway/humidity-1/voltage HTTP/1.1" 201 - "-" "-"
::1 - - [19/Jun/2024:14:28:18 +0000] "POST /melchor-gateway/humidity-1/linkquality HTTP/1.1" 201 - "-" "-"
::1 - - [19/Jun/2024:14:28:18 +0000] "POST /melchor-gateway/humidity-1/humidity HTTP/1.1" 201 - "-" "-"
::1 - - [19/Jun/2024:14:28:18 +0000] "POST /melchor-gateway/humidity-1/temperature HTTP/1.1" 201 - "-" "-"
::1 - - [19/Jun/2024:14:28:18 +0000] "POST /melchor-gateway/humidity-1/battery HTTP/1.1" 201 - "-" "-"
::1 - - [19/Jun/2024:14:28:18 +0000] "POST /melchor-gateway/humidity-1/voltage HTTP/1.1" 201 - "-" "-"
::1 - - [19/Jun/2024:14:28:58 +0000] "POST /melchor-gateway/humidity-1/linkquality HTTP/1.1" 201 - "-" "-"
::1 - - [19/Jun/2024:14:28:58 +0000] "POST /melchor-gateway/humidity-1/temperature HTTP/1.1" 201 - "-" "-"
::1 - - [19/Jun/2024:14:28:58 +0000] "POST /melchor-gateway/humidity-1/humidity HTTP/1.1" 201 - "-" "-"
::1 - - [19/Jun/2024:14:28:58 +0000] "POST /melchor-gateway/humidity-1/voltage HTTP/1.1" 201 - "-" "-"
::1 - - [19/Jun/2024:14:28:58 +0000] "POST /melchor-gateway/humidity-1/battery HTTP/1.1" 201 - "-" "-"
::1 - - [19/Jun/2024:14:33:18 +0000] "POST /melchor-gateway/humidity-1/linkquality HTTP/1.1" 201 - "-" "-"
::1 - - [19/Jun/2024:14:33:18 +0000] "POST /melchor-gateway/humidity-1/humidity HTTP/1.1" 201 - "-" "-"
::1 - - [19/Jun/2024:14:33:18 +0000] "POST /melchor-gateway/humidity-1/temperature HTTP/1.1" 201 - "-" "-"
::1 - - [19/Jun/2024:14:33:18 +0000] "POST /melchor-gateway/humidity-1/voltage HTTP/1.1" 201 - "-" "-"
::1 - - [19/Jun/2024:14:33:18 +0000] "POST /melchor-gateway/humidity-1/battery HTTP/1.1" 201 - "-" "-"
::1 - - [19/Jun/2024:14:33:58 +0000] "POST /melchor-gateway/humidity-1/humidity HTTP/1.1" 201 - "-" "-"
::1 - - [19/Jun/2024:14:33:58 +0000] "POST /melchor-gateway/humidity-1/linkquality HTTP/1.1" 201 - "-" "-"
::1 - - [19/Jun/2024:14:33:58 +0000] "POST /melchor-gateway/humidity-1/temperature HTTP/1.1" 201 - "-" "-"
::1 - - [19/Jun/2024:14:33:58 +0000] "POST /melchor-gateway/humidity-1/battery HTTP/1.1" 201 - "-" "-"
::1 - - [19/Jun/2024:14:33:58 +0000] "POST /melchor-gateway/humidity-1/voltage HTTP/1.1" 201 - "-" "-"
::1 - - [19/Jun/2024:14:38:18 +0000] "POST /melchor-gateway/humidity-1/linkquality HTTP/1.1" 201 - "-" "-"
::1 - - [19/Jun/2024:14:38:18 +0000] "POST /melchor-gateway/humidity-1/humidity HTTP/1.1" 201 - "-" "-"
::1 - - [19/Jun/2024:14:38:18 +0000] "POST /melchor-gateway/humidity-1/temperature HTTP/1.1" 201 - "-" "-"
::1 - - [19/Jun/2024:14:38:18 +0000] "POST /melchor-gateway/humidity-1/voltage HTTP/1.1" 201 - "-" "-"
::1 - - [19/Jun/2024:14:38:18 +0000] "POST /melchor-gateway/humidity-1/battery HTTP/1.1" 201 - "-" "-"
::1 - - [19/Jun/2024:14:38:58 +0000] "POST /melchor-gateway/humidity-1/voltage HTTP/1.1" 201 - "-" "-"
::1 - - [19/Jun/2024:14:38:58 +0000] "POST /melchor-gateway/humidity-1/linkquality HTTP/1.1" 201 - "-" "-"
::1 - - [19/Jun/2024:14:38:58 +0000] "POST /melchor-gateway/humidity-1/temperature HTTP/1.1" 201 - "-" "-"
::1 - - [19/Jun/2024:14:38:58 +0000] "POST /melchor-gateway/humidity-1/humidity HTTP/1.1" 201 - "-" "-"
::1 - - [19/Jun/2024:14:38:58 +0000] "POST /melchor-gateway/humidity-1/battery HTTP/1.1" 201 - "-" "-"
::1 - - [19/Jun/2024:14:40:04 +0000] "POST /melchor-gateway/humidity-1/linkquality HTTP/1.1" 201 - "-" "-"
::1 - - [19/Jun/2024:14:40:04 +0000] "POST /melchor-gateway/humidity-1/temperature HTTP/1.1" 201 - "-" "-"
::1 - - [19/Jun/2024:14:40:04 +0000] "POST /melchor-gateway/humidity-1/battery HTTP/1.1" 201 - "-" "-"
::1 - - [19/Jun/2024:14:40:04 +0000] "POST /melchor-gateway/humidity-1/humidity HTTP/1.1" 201 - "-" "-"
::1 - - [19/Jun/2024:14:40:04 +0000] "POST /melchor-gateway/humidity-1/voltage HTTP/1.1" 201 - "-" "-"
::1 - - [19/Jun/2024:14:40:04 +0000] "POST /melchor-gateway/humidity-1/humidity HTTP/1.1" 201 - "-" "-"
::1 - - [19/Jun/2024:14:40:04 +0000] "POST /melchor-gateway/humidity-1/temperature HTTP/1.1" 201 - "-" "-"
::1 - - [19/Jun/2024:14:40:04 +0000] "POST /melchor-gateway/humidity-1/linkquality HTTP/1.1" 201 - "-" "-"
::1 - - [19/Jun/2024:14:40:04 +0000] "POST /melchor-gateway/humidity-1/voltage HTTP/1.1" 201 - "-" "-"
::1 - - [19/Jun/2024:14:40:04 +0000] "POST /melchor-gateway/humidity-1/battery HTTP/1.1" 201 - "-" "-"
::1 - - [19/Jun/2024:14:40:10 +0000] "POST /melchor-gateway/humidity-1/linkquality HTTP/1.1" 201 - "-" "-"
::1 - - [19/Jun/2024:14:40:10 +0000] "POST /melchor-gateway/humidity-1/temperature HTTP/1.1" 201 - "-" "-"
::1 - - [19/Jun/2024:14:40:10 +0000] "POST /melchor-gateway/humidity-1/humidity HTTP/1.1" 201 - "-" "-"
::1 - - [19/Jun/2024:14:40:10 +0000] "POST /melchor-gateway/humidity-1/battery HTTP/1.1" 201 - "-" "-"
::1 - - [19/Jun/2024:14:40:10 +0000] "POST /melchor-gateway/humidity-1/voltage HTTP/1.1" 201 - "-" "-"
::1 - - [19/Jun/2024:14:40:10 +0000] "POST /melchor-gateway/humidity-1/temperature HTTP/1.1" 201 - "-" "-"
::1 - - [19/Jun/2024:14:40:10 +0000] "POST /melchor-gateway/humidity-1/humidity HTTP/1.1" 201 - "-" "-"
::1 - - [19/Jun/2024:14:40:10 +0000] "POST /melchor-gateway/humidity-1/battery HTTP/1.1" 201 - "-" "-"
::1 - - [19/Jun/2024:14:40:10 +0000] "POST /melchor-gateway/humidity-1/linkquality HTTP/1.1" 201 - "-" "-"
::1 - - [19/Jun/2024:14:40:10 +0000] "POST /melchor-gateway/humidity-1/voltage HTTP/1.1" 201 - "-" "-"
::1 - - [19/Jun/2024:14:45:04 +0000] "POST /melchor-gateway/humidity-1/linkquality HTTP/1.1" 201 - "-" "-"
::1 - - [19/Jun/2024:14:45:04 +0000] "POST /melchor-gateway/humidity-1/humidity HTTP/1.1" 201 - "-" "-"
::1 - - [19/Jun/2024:14:45:04 +0000] "POST /melchor-gateway/humidity-1/humidity HTTP/1.1" 201 - "-" "-"
::1 - - [19/Jun/2024:14:45:04 +0000] "POST /melchor-gateway/humidity-1/battery HTTP/1.1" 201 - "-" "-"
::1 - - [19/Jun/2024:14:45:04 +0000] "POST /melchor-gateway/humidity-1/voltage HTTP/1.1" 201 - "-" "-"
::1 - - [19/Jun/2024:14:45:04 +0000] "POST /melchor-gateway/humidity-1/linkquality HTTP/1.1" 201 - "-" "-"
::1 - - [19/Jun/2024:14:45:04 +0000] "POST /melchor-gateway/humidity-1/temperature HTTP/1.1" 201 - "-" "-"
::1 - - [19/Jun/2024:14:45:04 +0000] "POST /melchor-gateway/humidity-1/battery HTTP/1.1" 201 - "-" "-"
::1 - - [19/Jun/2024:14:45:04 +0000] "POST /melchor-gateway/humidity-1/temperature HTTP/1.1" 201 - "-" "-"
::1 - - [19/Jun/2024:14:45:04 +0000] "POST /melchor-gateway/humidity-1/voltage HTTP/1.1" 201 - "-" "-"
::1 - - [19/Jun/2024:14:50:04 +0000] "POST /melchor-gateway/humidity-1/humidity HTTP/1.1" 201 - "-" "-"
::1 - - [19/Jun/2024:14:50:04 +0000] "POST /melchor-gateway/humidity-1/voltage HTTP/1.1" 201 - "-" "-"
::1 - - [19/Jun/2024:14:50:04 +0000] "POST /melchor-gateway/humidity-1/battery HTTP/1.1" 201 - "-" "-"
::1 - - [19/Jun/2024:14:50:04 +0000] "POST /melchor-gateway/humidity-1/linkquality HTTP/1.1" 201 - "-" "-"
::1 - - [19/Jun/2024:14:50:04 +0000] "POST /melchor-gateway/humidity-1/battery HTTP/1.1" 201 - "-" "-"
::1 - - [19/Jun/2024:14:50:04 +0000] "POST /melchor-gateway/humidity-1/temperature HTTP/1.1" 201 - "-" "-"
::1 - - [19/Jun/2024:14:50:04 +0000] "POST /melchor-gateway/humidity-1/temperature HTTP/1.1" 201 - "-" "-"
::1 - - [19/Jun/2024:14:50:04 +0000] "POST /melchor-gateway/humidity-1/voltage HTTP/1.1" 201 - "-" "-"
::1 - - [19/Jun/2024:14:50:04 +0000] "POST /melchor-gateway/humidity-1/linkquality HTTP/1.1" 201 - "-" "-"
::1 - - [19/Jun/2024:14:50:04 +0000] "POST /melchor-gateway/humidity-1/humidity HTTP/1.1" 201 - "-" "-"
::1 - - [19/Jun/2024:14:55:04 +0000] "POST /melchor-gateway/humidity-1/linkquality HTTP/1.1" 201 - "-" "-"
::1 - - [19/Jun/2024:14:55:04 +0000] "POST /melchor-gateway/humidity-1/battery HTTP/1.1" 201 - "-" "-"
::1 - - [19/Jun/2024:14:55:04 +0000] "POST /melchor-gateway/humidity-1/temperature HTTP/1.1" 201 - "-" "-"
::1 - - [19/Jun/2024:14:55:04 +0000] "POST /melchor-gateway/humidity-1/humidity HTTP/1.1" 201 - "-" "-"
::1 - - [19/Jun/2024:14:55:04 +0000] "POST /melchor-gateway/humidity-1/linkquality HTTP/1.1" 201 - "-" "-"
::1 - - [19/Jun/2024:14:55:04 +0000] "POST /melchor-gateway/humidity-1/voltage HTTP/1.1" 201 - "-" "-"
::1 - - [19/Jun/2024:14:55:04 +0000] "POST /melchor-gateway/humidity-1/battery HTTP/1.1" 201 - "-" "-"
::1 - - [19/Jun/2024:14:55:04 +0000] "POST /melchor-gateway/humidity-1/humidity HTTP/1.1" 201 - "-" "-"
::1 - - [19/Jun/2024:14:55:04 +0000] "POST /melchor-gateway/humidity-1/temperature HTTP/1.1" 201 - "-" "-"
::1 - - [19/Jun/2024:14:55:04 +0000] "POST /melchor-gateway/humidity-1/voltage HTTP/1.1" 201 - "-" "-"
::1 - - [19/Jun/2024:15:00:04 +0000] "POST /melchor-gateway/humidity-1/temperature HTTP/1.1" 201 - "-" "-"
::1 - - [19/Jun/2024:15:00:04 +0000] "POST /melchor-gateway/humidity-1/humidity HTTP/1.1" 201 - "-" "-"
::1 - - [19/Jun/2024:15:00:04 +0000] "POST /melchor-gateway/humidity-1/linkquality HTTP/1.1" 201 - "-" "-"
::1 - - [19/Jun/2024:15:00:04 +0000] "POST /melchor-gateway/humidity-1/humidity HTTP/1.1" 201 - "-" "-"
::1 - - [19/Jun/2024:15:00:04 +0000] "POST /melchor-gateway/humidity-1/battery HTTP/1.1" 201 - "-" "-"
::1 - - [19/Jun/2024:15:00:04 +0000] "POST /melchor-gateway/humidity-1/voltage HTTP/1.1" 201 - "-" "-"
::1 - - [19/Jun/2024:15:00:04 +0000] "POST /melchor-gateway/humidity-1/linkquality HTTP/1.1" 201 - "-" "-"
::1 - - [19/Jun/2024:15:00:04 +0000] "POST /melchor-gateway/humidity-1/battery HTTP/1.1" 201 - "-" "-"
::1 - - [19/Jun/2024:15:00:04 +0000] "POST /melchor-gateway/humidity-1/voltage HTTP/1.1" 201 - "-" "-"
::1 - - [19/Jun/2024:15:00:04 +0000] "POST /melchor-gateway/humidity-1/temperature HTTP/1.1" 201 - "-" "-"
::1 - - [19/Jun/2024:15:05:04 +0000] "POST /melchor-gateway/humidity-1/temperature HTTP/1.1" 201 - "-" "-"
::1 - - [19/Jun/2024:15:05:04 +0000] "POST /melchor-gateway/humidity-1/linkquality HTTP/1.1" 201 - "-" "-"
::1 - - [19/Jun/2024:15:05:04 +0000] "POST /melchor-gateway/humidity-1/humidity HTTP/1.1" 201 - "-" "-"
::1 - - [19/Jun/2024:15:05:04 +0000] "POST /melchor-gateway/humidity-1/battery HTTP/1.1" 201 - "-" "-"
::1 - - [19/Jun/2024:15:05:04 +0000] "POST /melchor-gateway/humidity-1/linkquality HTTP/1.1" 201 - "-" "-"
::1 - - [19/Jun/2024:15:05:04 +0000] "POST /melchor-gateway/humidity-1/voltage HTTP/1.1" 201 - "-" "-"
::1 - - [19/Jun/2024:15:05:04 +0000] "POST /melchor-gateway/humidity-1/battery HTTP/1.1" 201 - "-" "-"
::1 - - [19/Jun/2024:15:05:04 +0000] "POST /melchor-gateway/humidity-1/voltage HTTP/1.1" 201 - "-" "-"
::1 - - [19/Jun/2024:15:05:04 +0000] "POST /melchor-gateway/humidity-1/humidity HTTP/1.1" 201 - "-" "-"
::1 - - [19/Jun/2024:15:05:04 +0000] "POST /melchor-gateway/humidity-1/temperature HTTP/1.1" 201 - "-" "-"
::1 - - [19/Jun/2024:15:10:04 +0000] "POST /melchor-gateway/humidity-1/linkquality HTTP/1.1" 201 - "-" "-"
::1 - - [19/Jun/2024:15:10:04 +0000] "POST /melchor-gateway/humidity-1/temperature HTTP/1.1" 201 - "-" "-"
::1 - - [19/Jun/2024:15:10:05 +0000] "POST /melchor-gateway/humidity-1/humidity HTTP/1.1" 201 - "-" "-"
::1 - - [19/Jun/2024:15:10:05 +0000] "POST /melchor-gateway/humidity-1/humidity HTTP/1.1" 201 - "-" "-"
::1 - - [19/Jun/2024:15:10:05 +0000] "POST /melchor-gateway/humidity-1/battery HTTP/1.1" 201 - "-" "-"
::1 - - [19/Jun/2024:15:10:05 +0000] "POST /melchor-gateway/humidity-1/linkquality HTTP/1.1" 201 - "-" "-"
::1 - - [19/Jun/2024:15:10:05 +0000] "POST /melchor-gateway/humidity-1/voltage HTTP/1.1" 201 - "-" "-"
::1 - - [19/Jun/2024:15:10:05 +0000] "POST /melchor-gateway/humidity-1/voltage HTTP/1.1" 201 - "-" "-"
::1 - - [19/Jun/2024:15:10:05 +0000] "POST /melchor-gateway/humidity-1/battery HTTP/1.1" 201 - "-" "-"
::1 - - [19/Jun/2024:15:10:05 +0000] "POST /melchor-gateway/humidity-1/temperature HTTP/1.1" 201 - "-" "-"
::1 - - [19/Jun/2024:15:15:05 +0000] "POST /melchor-gateway/humidity-1/battery HTTP/1.1" 201 - "-" "-"
::1 - - [19/Jun/2024:15:15:05 +0000] "POST /melchor-gateway/humidity-1/voltage HTTP/1.1" 201 - "-" "-"
::1 - - [19/Jun/2024:15:15:05 +0000] "POST /melchor-gateway/humidity-1/humidity HTTP/1.1" 201 - "-" "-"
::1 - - [19/Jun/2024:15:15:05 +0000] "POST /melchor-gateway/humidity-1/linkquality HTTP/1.1" 201 - "-" "-"
::1 - - [19/Jun/2024:15:15:05 +0000] "POST /melchor-gateway/humidity-1/temperature HTTP/1.1" 201 - "-" "-"
::1 - - [19/Jun/2024:15:15:05 +0000] "POST /melchor-gateway/humidity-1/temperature HTTP/1.1" 201 - "-" "-"
::1 - - [19/Jun/2024:15:15:05 +0000] "POST /melchor-gateway/humidity-1/humidity HTTP/1.1" 201 - "-" "-"
::1 - - [19/Jun/2024:15:15:05 +0000] "POST /melchor-gateway/humidity-1/linkquality HTTP/1.1" 201 - "-" "-"
::1 - - [19/Jun/2024:15:15:05 +0000] "POST /melchor-gateway/humidity-1/battery HTTP/1.1" 201 - "-" "-"
::1 - - [19/Jun/2024:15:15:05 +0000] "POST /melchor-gateway/humidity-1/voltage HTTP/1.1" 201 - "-" "-"
::1 - - [19/Jun/2024:15:20:05 +0000] "POST /melchor-gateway/humidity-1/humidity HTTP/1.1" 201 - "-" "-"
::1 - - [19/Jun/2024:15:20:05 +0000] "POST /melchor-gateway/humidity-1/temperature HTTP/1.1" 201 - "-" "-"
::1 - - [19/Jun/2024:15:20:05 +0000] "POST /melchor-gateway/humidity-1/linkquality HTTP/1.1" 201 - "-" "-"
::1 - - [19/Jun/2024:15:20:05 +0000] "POST /melchor-gateway/humidity-1/humidity HTTP/1.1" 201 - "-" "-"
::1 - - [19/Jun/2024:15:20:05 +0000] "POST /melchor-gateway/humidity-1/battery HTTP/1.1" 201 - "-" "-"
::1 - - [19/Jun/2024:15:20:05 +0000] "POST /melchor-gateway/humidity-1/voltage HTTP/1.1" 201 - "-" "-"
::1 - - [19/Jun/2024:15:20:05 +0000] "POST /melchor-gateway/humidity-1/temperature HTTP/1.1" 201 - "-" "-"
::1 - - [19/Jun/2024:15:20:05 +0000] "POST /melchor-gateway/humidity-1/battery HTTP/1.1" 201 - "-" "-"
::1 - - [19/Jun/2024:15:20:05 +0000] "POST /melchor-gateway/humidity-1/linkquality HTTP/1.1" 201 - "-" "-"
::1 - - [19/Jun/2024:15:20:05 +0000] "POST /melchor-gateway/humidity-1/voltage HTTP/1.1" 201 - "-" "-"
::1 - - [19/Jun/2024:15:25:05 +0000] "POST /melchor-gateway/humidity-1/voltage HTTP/1.1" 201 - "-" "-"
::1 - - [19/Jun/2024:15:25:05 +0000] "POST /melchor-gateway/humidity-1/battery HTTP/1.1" 201 - "-" "-"
::1 - - [19/Jun/2024:15:25:05 +0000] "POST /melchor-gateway/humidity-1/humidity HTTP/1.1" 201 - "-" "-"
::1 - - [19/Jun/2024:15:25:05 +0000] "POST /melchor-gateway/humidity-1/linkquality HTTP/1.1" 201 - "-" "-"
::1 - - [19/Jun/2024:15:25:05 +0000] "POST /melchor-gateway/humidity-1/temperature HTTP/1.1" 201 - "-" "-"
::1 - - [19/Jun/2024:15:25:05 +0000] "POST /melchor-gateway/humidity-1/battery HTTP/1.1" 201 - "-" "-"
::1 - - [19/Jun/2024:15:25:05 +0000] "POST /melchor-gateway/humidity-1/linkquality HTTP/1.1" 201 - "-" "-"
::1 - - [19/Jun/2024:15:25:05 +0000] "POST /melchor-gateway/humidity-1/temperature HTTP/1.1" 201 - "-" "-"
::1 - - [19/Jun/2024:15:25:05 +0000] "POST /melchor-gateway/humidity-1/humidity HTTP/1.1" 201 - "-" "-"
::1 - - [19/Jun/2024:15:25:05 +0000] "POST /melchor-gateway/humidity-1/voltage HTTP/1.1" 201 - "-" "-"
::1 - - [19/Jun/2024:15:30:05 +0000] "POST /melchor-gateway/humidity-1/battery HTTP/1.1" 201 - "-" "-"
::1 - - [19/Jun/2024:15:30:05 +0000] "POST /melchor-gateway/humidity-1/humidity HTTP/1.1" 201 - "-" "-"
::1 - - [19/Jun/2024:15:30:05 +0000] "POST /melchor-gateway/humidity-1/linkquality HTTP/1.1" 201 - "-" "-"
::1 - - [19/Jun/2024:15:30:05 +0000] "POST /melchor-gateway/humidity-1/voltage HTTP/1.1" 201 - "-" "-"
::1 - - [19/Jun/2024:15:30:05 +0000] "POST /melchor-gateway/humidity-1/temperature HTTP/1.1" 201 - "-" "-"
::1 - - [19/Jun/2024:15:30:05 +0000] "POST /melchor-gateway/humidity-1/battery HTTP/1.1" 201 - "-" "-"
::1 - - [19/Jun/2024:15:30:05 +0000] "POST /melchor-gateway/humidity-1/humidity HTTP/1.1" 201 - "-" "-"
::1 - - [19/Jun/2024:15:30:05 +0000] "POST /melchor-gateway/humidity-1/temperature HTTP/1.1" 201 - "-" "-"
::1 - - [19/Jun/2024:15:30:05 +0000] "POST /melchor-gateway/humidity-1/linkquality HTTP/1.1" 201 - "-" "-"
::1 - - [19/Jun/2024:15:30:05 +0000] "POST /melchor-gateway/humidity-1/voltage HTTP/1.1" 201 - "-" "-"
::1 - - [19/Jun/2024:15:35:05 +0000] "POST /melchor-gateway/humidity-1/humidity HTTP/1.1" 201 - "-" "-"
::1 - - [19/Jun/2024:15:35:05 +0000] "POST /melchor-gateway/humidity-1/temperature HTTP/1.1" 201 - "-" "-"
::1 - - [19/Jun/2024:15:35:05 +0000] "POST /melchor-gateway/humidity-1/linkquality HTTP/1.1" 201 - "-" "-"
::1 - - [19/Jun/2024:15:35:05 +0000] "POST /melchor-gateway/humidity-1/battery HTTP/1.1" 201 - "-" "-"
::1 - - [19/Jun/2024:15:35:05 +0000] "POST /melchor-gateway/humidity-1/battery HTTP/1.1" 201 - "-" "-"
::1 - - [19/Jun/2024:15:35:05 +0000] "POST /melchor-gateway/humidity-1/voltage HTTP/1.1" 201 - "-" "-"
::1 - - [19/Jun/2024:15:35:05 +0000] "POST /melchor-gateway/humidity-1/voltage HTTP/1.1" 201 - "-" "-"
::1 - - [19/Jun/2024:15:35:05 +0000] "POST /melchor-gateway/humidity-1/temperature HTTP/1.1" 201 - "-" "-"
::1 - - [19/Jun/2024:15:35:05 +0000] "POST /melchor-gateway/humidity-1/humidity HTTP/1.1" 201 - "-" "-"
::1 - - [19/Jun/2024:15:35:05 +0000] "POST /melchor-gateway/humidity-1/linkquality HTTP/1.1" 201 - "-" "-"
::1 - - [19/Jun/2024:15:40:05 +0000] "POST /melchor-gateway/humidity-1/voltage HTTP/1.1" 201 - "-" "-"
::1 - - [19/Jun/2024:15:40:05 +0000] "POST /melchor-gateway/humidity-1/temperature HTTP/1.1" 201 - "-" "-"
::1 - - [19/Jun/2024:15:40:05 +0000] "POST /melchor-gateway/humidity-1/humidity HTTP/1.1" 201 - "-" "-"
::1 - - [19/Jun/2024:15:40:05 +0000] "POST /melchor-gateway/humidity-1/battery HTTP/1.1" 201 - "-" "-"
::1 - - [19/Jun/2024:15:40:05 +0000] "POST /melchor-gateway/humidity-1/linkquality HTTP/1.1" 201 - "-" "-"
::1 - - [19/Jun/2024:15:40:05 +0000] "POST /melchor-gateway/humidity-1/temperature HTTP/1.1" 201 - "-" "-"
::1 - - [19/Jun/2024:15:40:05 +0000] "POST /melchor-gateway/humidity-1/linkquality HTTP/1.1" 201 - "-" "-"
::1 - - [19/Jun/2024:15:40:05 +0000] "POST /melchor-gateway/humidity-1/humidity HTTP/1.1" 201 - "-" "-"
::1 - - [19/Jun/2024:15:40:05 +0000] "POST /melchor-gateway/humidity-1/battery HTTP/1.1" 201 - "-" "-"
::1 - - [19/Jun/2024:15:40:05 +0000] "POST /melchor-gateway/humidity-1/voltage HTTP/1.1" 201 - "-" "-"
::1 - - [19/Jun/2024:15:45:05 +0000] "POST /melchor-gateway/humidity-1/linkquality HTTP/1.1" 201 - "-" "-"
::1 - - [19/Jun/2024:15:45:05 +0000] "POST /melchor-gateway/humidity-1/temperature HTTP/1.1" 201 - "-" "-"
::1 - - [19/Jun/2024:15:45:05 +0000] "POST /melchor-gateway/humidity-1/humidity HTTP/1.1" 201 - "-" "-"
::1 - - [19/Jun/2024:15:45:05 +0000] "POST /melchor-gateway/humidity-1/battery HTTP/1.1" 201 - "-" "-"
::1 - - [19/Jun/2024:15:45:05 +0000] "POST /melchor-gateway/humidity-1/humidity HTTP/1.1" 201 - "-" "-"
::1 - - [19/Jun/2024:15:45:05 +0000] "POST /melchor-gateway/humidity-1/battery HTTP/1.1" 201 - "-" "-"
::1 - - [19/Jun/2024:15:45:05 +0000] "POST /melchor-gateway/humidity-1/voltage HTTP/1.1" 201 - "-" "-"
::1 - - [19/Jun/2024:15:45:05 +0000] "POST /melchor-gateway/humidity-1/voltage HTTP/1.1" 201 - "-" "-"
::1 - - [19/Jun/2024:15:45:05 +0000] "POST /melchor-gateway/humidity-1/linkquality HTTP/1.1" 201 - "-" "-"
::1 - - [19/Jun/2024:15:45:06 +0000] "POST /melchor-gateway/humidity-1/temperature HTTP/1.1" 201 - "-" "-"
::1 - - [19/Jun/2024:15:50:05 +0000] "POST /melchor-gateway/humidity-1/temperature HTTP/1.1" 201 - "-" "-"
::1 - - [19/Jun/2024:15:50:05 +0000] "POST /melchor-gateway/humidity-1/humidity HTTP/1.1" 201 - "-" "-"
::1 - - [19/Jun/2024:15:50:05 +0000] "POST /melchor-gateway/humidity-1/linkquality HTTP/1.1" 201 - "-" "-"
::1 - - [19/Jun/2024:15:50:06 +0000] "POST /melchor-gateway/humidity-1/battery HTTP/1.1" 201 - "-" "-"
::1 - - [19/Jun/2024:15:50:06 +0000] "POST /melchor-gateway/humidity-1/voltage HTTP/1.1" 201 - "-" "-"
::1 - - [19/Jun/2024:15:50:06 +0000] "POST /melchor-gateway/humidity-1/linkquality HTTP/1.1" 201 - "-" "-"
::1 - - [19/Jun/2024:15:50:06 +0000] "POST /melchor-gateway/humidity-1/temperature HTTP/1.1" 201 - "-" "-"
::1 - - [19/Jun/2024:15:50:06 +0000] "POST /melchor-gateway/humidity-1/humidity HTTP/1.1" 201 - "-" "-"
::1 - - [19/Jun/2024:15:50:06 +0000] "POST /melchor-gateway/humidity-1/battery HTTP/1.1" 201 - "-" "-"
::1 - - [19/Jun/2024:15:50:06 +0000] "POST /melchor-gateway/humidity-1/voltage HTTP/1.1" 201 - "-" "-"
::1 - - [19/Jun/2024:15:55:06 +0000] "POST /melchor-gateway/humidity-1/humidity HTTP/1.1" 201 - "-" "-"
::1 - - [19/Jun/2024:15:55:06 +0000] "POST /melchor-gateway/humidity-1/temperature HTTP/1.1" 201 - "-" "-"
::1 - - [19/Jun/2024:15:55:06 +0000] "POST /melchor-gateway/humidity-1/linkquality HTTP/1.1" 201 - "-" "-"
::1 - - [19/Jun/2024:15:55:06 +0000] "POST /melchor-gateway/humidity-1/battery HTTP/1.1" 201 - "-" "-"
::1 - - [19/Jun/2024:15:55:06 +0000] "POST /melchor-gateway/humidity-1/humidity HTTP/1.1" 201 - "-" "-"
::1 - - [19/Jun/2024:15:55:06 +0000] "POST /melchor-gateway/humidity-1/voltage HTTP/1.1" 201 - "-" "-"
::1 - - [19/Jun/2024:15:55:06 +0000] "POST /melchor-gateway/humidity-1/battery HTTP/1.1" 201 - "-" "-"
::1 - - [19/Jun/2024:15:55:06 +0000] "POST /melchor-gateway/humidity-1/voltage HTTP/1.1" 201 - "-" "-"
::1 - - [19/Jun/2024:15:55:06 +0000] "POST /melchor-gateway/humidity-1/linkquality HTTP/1.1" 201 - "-" "-"
::1 - - [19/Jun/2024:15:55:06 +0000] "POST /melchor-gateway/humidity-1/temperature HTTP/1.1" 201 - "-" "-"
